#
# A fatal error has been detected by the Java Runtime Environment:
#
#  SIGSEGV (0xb) at pc=0x00007fd413bfc362, pid=14439, tid=14443
#
# JRE version: OpenJDK Runtime Environment 
(Zulu12.3+11-CA) (12.0.2+3) (build 12.0.2+3)
# Java VM: OpenJDK 64-Bit Server VM (12.0.2+3, mixed mode, sharing, tiered, compressed oops, g1 gc, linux-amd64)
# Problematic frame:
# C  [libnd4jcpu.so+0x1a25362]  nd4j::SpecialMethods<float>::concatCpuGeneric(int, int, void**, void**, float*, int*)+0xd92
#
# Core dump will be written. Default location: Core dumps may be processed with "/usr/share/apport/apport %p %s %c %d %P" (or dumping to /home/onrolll/Coding/scynet/core.14439)
#
# If you would like to submit a bug report, please visit:
#   http://www.azulsystems.com/support/
# The crash happened outside the Java Virtual Machine in native code.
# See problematic frame for where to report the bug.
#

---------------  S U M M A R Y ------------

Command Line: -Dvisualvm.id=14278642954715 -javaagent:/home/onrolll/idea-IC-191.7141.44/lib/idea_rt.jar=46339:/home/onrolll/idea-IC-191.7141.44/bin -Dfile.encoding=UTF-8 harvester.Nd4jKt

Host: Intel(R) Core(TM) i7-2670QM CPU @ 2.20GHz, 8 cores, 15G, Ubuntu 18.04.2 LTS
Time: Wed Sep 11 13:01:46 2019 EEST elapsed time: 1 seconds (0d 0h 0m 1s)

---------------  T H R E A D  ---------------

Current thread (0x00007fd484019000):  JavaThread "main" [_thread_in_native, id=14443, stack(0x00007fd48c678000,0x00007fd48c779000)]

Stack: [0x00007fd48c678000,0x00007fd48c779000],  sp=0x00007fd48c777320,  free space=1020k
Native frames: (J=compiled Java code, A=aot compiled Java code, j=interpreted, Vv=VM code, C=native code)
C  [libnd4jcpu.so+0x1a25362]  nd4j::SpecialMethods<float>::concatCpuGeneric(int, int, void**, void**, float*, int*)+0xd92

Java frames: (J=compiled Java code, j=interpreted, Vv=VM code)
j  org.nd4j.nativeblas.Nd4jCpu$NativeOps.concatFloat(Lorg/bytedeco/javacpp/PointerPointer;IILorg/bytedeco/javacpp/PointerPointer;Lorg/bytedeco/javacpp/PointerPointer;Lorg/bytedeco/javacpp/FloatPointer;Lorg/bytedeco/javacpp/IntPointer;Lorg/bytedeco/javacpp/PointerPointer;Lorg/bytedeco/javacpp/PointerPointer;)V+0
j  org.nd4j.linalg.cpu.nativecpu.CpuNDArrayFactory.concat(I[Lorg/nd4j/linalg/api/ndarray/INDArray;)Lorg/nd4j/linalg/api/ndarray/INDArray;+474
j  org.nd4j.linalg.factory.Nd4j.concat(I[Lorg/nd4j/linalg/api/ndarray/INDArray;)Lorg/nd4j/linalg/api/ndarray/INDArray;+20
j  harvester.Nd4jKt.main()V+491
j  harvester.Nd4jKt.main([Ljava/lang/String;)V+0
v  ~StubRoutines::call_stub

siginfo: si_signo: 11 (SIGSEGV), si_code: 1 (SEGV_MAPERR), si_addr: 0x0000000000000000

Register to memory mapping:

RAX=0x0 is NULL
RBX=0x00007fd48498f920 points into unknown readable memory: 60 e9 d6 84 d4 7f 00 00
RCX=0x000000000000000a is an unknown value
RDX=0x0000000000000002 is an unknown value
RSP=0x00007fd48c777320 is pointing into the stack for thread: 0x00007fd484019000
RBP=0x00007fd484dbba50 points into unknown readable memory: 00 00 00 00 00 00 00 00
RSI=0x0 is NULL
RDI=0x0 is NULL
R8 =0x0 is NULL
R9 =0x0000000000000002 is an unknown value
R10=0x0000000000000003 is an unknown value
R11=0x00007fd48498f940 points into unknown readable memory: 50 e2 db 84 d4 7f 00 00
R12=0x0 is NULL
R13=0x00007fd48498f940 points into unknown readable memory: 50 e2 db 84 d4 7f 00 00
R14=0x0000000000000002 is an unknown value
R15=0x00007fd484dbd160 points into unknown readable memory: 03 00 00 00 03 00 00 00


Registers:
RAX=0x0000000000000000, RBX=0x00007fd48498f920, RCX=0x000000000000000a, RDX=0x0000000000000002
RSP=0x00007fd48c777320, RBP=0x00007fd484dbba50, RSI=0x0000000000000000, RDI=0x0000000000000000
R8 =0x0000000000000000, R9 =0x0000000000000002, R10=0x0000000000000003, R11=0x00007fd48498f940
R12=0x0000000000000000, R13=0x00007fd48498f940, R14=0x0000000000000002, R15=0x00007fd484dbd160
RIP=0x00007fd413bfc362, EFLAGS=0x0000000000010283, CSGSFS=0x002b000000000033, ERR=0x0000000000000004
  TRAPNO=0x000000000000000e

Top of Stack: (sp=0x00007fd48c777320)
0x00007fd48c777320:   00007fd46c8ba450 0000000000000220
0x00007fd48c777330:   0000000000000012 00007fd484dbba50
0x00007fd48c777340:   0000000000000000 0000000000000010
0x00007fd48c777350:   0000000000000000 00000007072500a8 

Instructions: (pc=0x00007fd413bfc362)
0x00007fd413bfc262:   66 0f d4 c2 66 0f 73 f0 20 66 0f d4 c3 66 0f d6
0x00007fd413bfc272:   44 24 08 48 8b 54 24 08 48 0f af c2 45 39 f4 74
0x00007fd413bfc282:   36 49 63 d3 48 63 54 97 04 48 0f af c2 41 8d 53
0x00007fd413bfc292:   01 41 39 d2 7e 21 48 63 d2 41 83 c3 02 48 63 54
0x00007fd413bfc2a2:   97 04 48 0f af c2 45 39 da 7e 0c 4d 63 db 4a 63
0x00007fd413bfc2b2:   54 9f 04 48 0f af c2 85 f6 0f 8f 4f f3 ff ff e9
0x00007fd413bfc2c2:   cb fb ff ff 66 90 44 8b 5b 04 41 83 fb 01 41 0f
0x00007fd413bfc2d2:   94 c2 45 21 d4 41 ff cb 41 ba 01 00 00 00 0f 85
0x00007fd413bfc2e2:   8a f3 ff ff 49 39 c2 41 0f 94 c2 44 21 d7 e9 7d
0x00007fd413bfc2f2:   f3 ff ff 83 7b 04 01 0f 85 6e f3 ff ff 83 7b 08
0x00007fd413bfc302:   01 41 0f 94 c2 45 21 d4 4c 63 53 08 eb d6 83 fe
0x00007fd413bfc312:   07 7e 09 40 84 ff 0f 85 76 2c 00 00 48 83 7c 24
0x00007fd413bfc322:   10 00 0f 8e 67 fb ff ff 66 0f 6f 25 9e dd 09 00
0x00007fd413bfc332:   66 0f ef db 4c 8b 5c 24 50 48 8b 9c 24 90 00 00
0x00007fd413bfc342:   00 31 c9 48 8b 6c 24 18 66 0f 6f ec 45 31 c0 45
0x00007fd413bfc352:   31 f6 49 63 d6 49 63 c0 49 8b 34 d3 48 8b 3c d3
0x00007fd413bfc362:   f3 0f 10 04 86 8b 07 f3 0f 11 44 8d 00 85 c0 0f
0x00007fd413bfc372:   84 e1 05 00 00 83 f8 01 0f 84 e3 05 00 00 85 c0
0x00007fd413bfc382:   0f 8e d0 05 00 00 48 8d 57 04 83 e2 0f 48 c1 ea
0x00007fd413bfc392:   02 48 f7 da 83 e2 03 39 c2 0f 47 d0 83 f8 07 0f
0x00007fd413bfc3a2:   8f c5 05 00 00 89 c2 83 fa 01 48 63 77 04 0f 84
0x00007fd413bfc3b2:   9d 2b 00 00 4c 63 4f 08 49 0f af f1 83 fa 02 0f
0x00007fd413bfc3c2:   84 b8 2b 00 00 4c 63 4f 0c 49 0f af f1 83 fa 03
0x00007fd413bfc3d2:   0f 84 9c 2b 00 00 4c 63 4f 10 49 0f af f1 83 fa
0x00007fd413bfc3e2:   04 0f 84 80 2b 00 00 4c 63 4f 14 49 0f af f1 83
0x00007fd413bfc3f2:   fa 05 0f 84 64 2b 00 00 4c 63 4f 18 49 0f af f1
0x00007fd413bfc402:   83 fa 06 0f 84 3d 2b 00 00 4c 63 4f 1c 49 0f af
0x00007fd413bfc412:   f1 41 b9 07 00 00 00 39 c2 0f 84 8f 03 00 00 41
0x00007fd413bfc422:   89 c5 41 89 d7 41 29 d5 4c 89 7c 24 08 45 8d 55
0x00007fd413bfc432:   fc 41 c1 ea 02 45 8d 62 01 46 8d 3c a5 00 00 00
0x00007fd413bfc442:   00 44 89 7c 24 18 44 8d 78 ff 41 29 d7 41 83 ff
0x00007fd413bfc452:   02 0f 86 22 03 00 00 4c 8b 7c 24 08 41 83 ea 04 


Stack slot to memory mapping:
stack at sp + 0 slots: 0x00007fd46c8ba450 is at code_begin+208 in an Interpreter codelet
invoke return entry points  [0x00007fd46c8ba380, 0x00007fd46c8bada0]  2592 bytes
stack at sp + 1 slots: 0x0000000000000220 is an unknown value
stack at sp + 2 slots: 0x0000000000000012 is an unknown value
stack at sp + 3 slots: 0x00007fd484dbba50 points into unknown readable memory: 00 00 00 00 00 00 00 00
stack at sp + 4 slots: 0x0 is NULL
stack at sp + 5 slots: 0x0000000000000010 is an unknown value
stack at sp + 6 slots: 0x0 is NULL
stack at sp + 7 slots: 0x00000007072500a8 points into unknown readable memory: 05 00 00 00 00 00 00 00


---------------  P R O C E S S  ---------------

Threads class SMR info:
_java_thread_list=0x00007fd42c2ea7d0, length=15, elements={
0x00007fd484019000, 0x00007fd484226800, 0x00007fd484228800, 0x00007fd48422f000,
0x00007fd484231000, 0x00007fd484233000, 0x00007fd484235000, 0x00007fd484263800,
0x00007fd48480a800, 0x00007fd48480b000, 0x00007fd43814a000, 0x00007fd484a4a800,
0x00007fd484a8c800, 0x00007fd434001000, 0x00007fd42c2e9000
}

Java Threads: ( => current thread )
=>0x00007fd484019000 JavaThread "main" [_thread_in_native, id=14443, stack(0x00007fd48c678000,0x00007fd48c779000)]
  0x00007fd484226800 JavaThread "Reference Handler" daemon [_thread_blocked, id=14459, stack(0x00007fd4604b0000,0x00007fd4605b1000)]
  0x00007fd484228800 JavaThread "Finalizer" daemon [_thread_blocked, id=14460, stack(0x00007fd4603af000,0x00007fd4604b0000)]
  0x00007fd48422f000 JavaThread "Signal Dispatcher" daemon [_thread_blocked, id=14461, stack(0x00007fd4602ae000,0x00007fd4603af000)]
  0x00007fd484231000 JavaThread "C2 CompilerThread0" daemon [_thread_blocked, id=14462, stack(0x00007fd4601ad000,0x00007fd4602ae000)]
  0x00007fd484233000 JavaThread "C1 CompilerThread0" daemon [_thread_blocked, id=14463, stack(0x00007fd4600ac000,0x00007fd4601ad000)]
  0x00007fd484235000 JavaThread "Sweeper thread" daemon [_thread_blocked, id=14464, stack(0x00007fd44abff000,0x00007fd44ad00000)]
  0x00007fd484263800 JavaThread "Common-Cleaner" daemon [_thread_blocked, id=14468, stack(0x00007fd44aafe000,0x00007fd44abff000)]
  0x00007fd48480a800 JavaThread "Monitor Ctrl-Break" daemon [_thread_in_native, id=14469, stack(0x00007fd44a5d3000,0x00007fd44a6d4000)]
  0x00007fd48480b000 JavaThread "Service Thread" daemon [_thread_blocked, id=14470, stack(0x00007fd44a4d2000,0x00007fd44a5d3000)]
  0x00007fd43814a000 JavaThread "C2 CompilerThread1" daemon [_thread_in_native, id=14472, stack(0x00007fd44a0cc000,0x00007fd44a1cd000)]
  0x00007fd484a4a800 JavaThread "Workspace deallocator thread" daemon [_thread_blocked, id=14474, stack(0x00007fd449fcb000,0x00007fd44a0cc000)]
  0x00007fd484a8c800 JavaThread "JavaCPP Deallocator" daemon [_thread_blocked, id=14475, stack(0x00007fd449eca000,0x00007fd449fcb000)]
  0x00007fd434001000 JavaThread "Attach Listener" daemon [_thread_blocked, id=14497, stack(0x00007fd448815000,0x00007fd448916000)]
  0x00007fd42c2e9000 JavaThread "C2 CompilerThread2" daemon [_thread_blocked, id=14498, stack(0x00007fd4100d2000,0x00007fd4101d3000)]

Other Threads:
  0x00007fd484223800 VMThread "VM Thread" [stack: 0x00007fd4605b3000,0x00007fd4606b3000] [id=14454]
  0x00007fd48484c000 WatcherThread [stack: 0x00007fd44a3d2000,0x00007fd44a4d2000] [id=14471]
  0x00007fd48408e800 GCTaskThread "GC Thread#0" [stack: 0x00007fd4632c5000,0x00007fd4633c5000] [id=14446]
  0x00007fd444001000 GCTaskThread "GC Thread#1" [stack: 0x00007fd448f20000,0x00007fd449020000] [id=14476]
  0x00007fd444002800 GCTaskThread "GC Thread#2" [stack: 0x00007fd448e1e000,0x00007fd448f1e000] [id=14477]
  0x00007fd444004000 GCTaskThread "GC Thread#3" [stack: 0x00007fd448d1c000,0x00007fd448e1c000] [id=14478]
  0x00007fd444005800 GCTaskThread "GC Thread#4" [stack: 0x00007fd448c1a000,0x00007fd448d1a000] [id=14479]
  0x00007fd444007000 GCTaskThread "GC Thread#5" [stack: 0x00007fd448b18000,0x00007fd448c18000] [id=14480]
  0x00007fd4840a8000 ConcurrentGCThread "G1 Main Marker" [stack: 0x00007fd4631c3000,0x00007fd4632c3000] [id=14447]
  0x00007fd4840aa000 ConcurrentGCThread "G1 Conc#0" [stack: 0x00007fd4630c1000,0x00007fd4631c1000] [id=14448]
  0x00007fd4841a8000 ConcurrentGCThread "G1 Refine#0" [stack: 0x00007fd4607b7000,0x00007fd4608b7000] [id=14449]
  0x00007fd4841aa000 ConcurrentGCThread "G1 Young RemSet Sampling" [stack: 0x00007fd4606b5000,0x00007fd4607b5000] [id=14450]

Threads with active compile tasks:
C2 CompilerThread1  1230       4       javassist.bytecode.ClassFile::read (301 bytes)

VM state:not at safepoint (normal execution)

VM Mutex/Monitor currently owned by a thread: None

Heap address: 0x0000000706e00000, size: 3986 MB, Compressed Oops mode: Zero based, Oop shift amount: 3
Narrow klass base: 0x0000000800000000, Narrow klass shift: 3
Compressed class space size: 1073741824 Address: 0x000000080111a000

Heap:
 garbage-first heap   total 258048K, used 139676K [0x0000000706e00000, 0x0000000800000000)
  region size 1024K, 127 young (130048K), 3 survivors (3072K)
 Metaspace       used 12731K, capacity 14204K, committed 14720K, reserved 1062912K
  class space    used 1388K, capacity 1552K, committed 1664K, reserved 1048576K
Heap Regions: E=young(eden), S=young(survivor), O=old, HS=humongous(starts), HC=humongous(continues), CS=collection set, F=free, A=archive, TAMS=top-at-mark-start (previous, next)
|   0|0x0000000706e00000, 0x0000000706f00000, 0x0000000706f00000|100%|HS|  |TAMS 0x0000000706e00000, 0x0000000706e00000| Complete 
|   1|0x0000000706f00000, 0x0000000707000000, 0x0000000707000000|100%|HS|  |TAMS 0x0000000706f00000, 0x0000000706f00000| Complete 
|   2|0x0000000707000000, 0x0000000707100000, 0x0000000707100000|100%|HC|  |TAMS 0x0000000707000000, 0x0000000707000000| Complete 
|   3|0x0000000707100000, 0x0000000707200000, 0x0000000707200000|100%|HC|  |TAMS 0x0000000707100000, 0x0000000707100000| Complete 
|   4|0x0000000707200000, 0x0000000707300000, 0x0000000707300000|100%| O|  |TAMS 0x0000000707200000, 0x0000000707200000| Untracked 
|   5|0x0000000707300000, 0x0000000707400000, 0x0000000707400000|100%| O|  |TAMS 0x0000000707300000, 0x0000000707300000| Untracked 
|   6|0x0000000707400000, 0x00000007074ac200, 0x0000000707500000| 67%| O|  |TAMS 0x0000000707400000, 0x0000000707400000| Untracked 
|   7|0x0000000707500000, 0x0000000707600000, 0x0000000707600000|100%|HS|  |TAMS 0x0000000707500000, 0x0000000707500000| Complete 
|   8|0x0000000707600000, 0x0000000707700000, 0x0000000707700000|100%|HS|  |TAMS 0x0000000707600000, 0x0000000707600000| Complete 
|   9|0x0000000707700000, 0x0000000707800000, 0x0000000707800000|100%|HC|  |TAMS 0x0000000707700000, 0x0000000707700000| Complete 
|  10|0x0000000707800000, 0x0000000707800000, 0x0000000707900000|  0%| F|  |TAMS 0x0000000707800000, 0x0000000707800000| Untracked 
|  11|0x0000000707900000, 0x0000000707900000, 0x0000000707a00000|  0%| F|  |TAMS 0x0000000707900000, 0x0000000707900000| Untracked 
|  12|0x0000000707a00000, 0x0000000707a00000, 0x0000000707b00000|  0%| F|  |TAMS 0x0000000707a00000, 0x0000000707a00000| Untracked 
|  13|0x0000000707b00000, 0x0000000707b00000, 0x0000000707c00000|  0%| F|  |TAMS 0x0000000707b00000, 0x0000000707b00000| Untracked 
|  14|0x0000000707c00000, 0x0000000707c00000, 0x0000000707d00000|  0%| F|  |TAMS 0x0000000707c00000, 0x0000000707c00000| Untracked 
|  15|0x0000000707d00000, 0x0000000707d00000, 0x0000000707e00000|  0%| F|  |TAMS 0x0000000707d00000, 0x0000000707d00000| Untracked 
|  16|0x0000000707e00000, 0x0000000707e00000, 0x0000000707f00000|  0%| F|  |TAMS 0x0000000707e00000, 0x0000000707e00000| Untracked 
|  17|0x0000000707f00000, 0x0000000707f00000, 0x0000000708000000|  0%| F|  |TAMS 0x0000000707f00000, 0x0000000707f00000| Untracked 
|  18|0x0000000708000000, 0x0000000708000000, 0x0000000708100000|  0%| F|  |TAMS 0x0000000708000000, 0x0000000708000000| Untracked 
|  19|0x0000000708100000, 0x0000000708100000, 0x0000000708200000|  0%| F|  |TAMS 0x0000000708100000, 0x0000000708100000| Untracked 
|  20|0x0000000708200000, 0x0000000708200000, 0x0000000708300000|  0%| F|  |TAMS 0x0000000708200000, 0x0000000708200000| Untracked 
|  21|0x0000000708300000, 0x0000000708300000, 0x0000000708400000|  0%| F|  |TAMS 0x0000000708300000, 0x0000000708300000| Untracked 
|  22|0x0000000708400000, 0x0000000708400000, 0x0000000708500000|  0%| F|  |TAMS 0x0000000708400000, 0x0000000708400000| Untracked 
|  23|0x0000000708500000, 0x0000000708500000, 0x0000000708600000|  0%| F|  |TAMS 0x0000000708500000, 0x0000000708500000| Untracked 
|  24|0x0000000708600000, 0x0000000708600000, 0x0000000708700000|  0%| F|  |TAMS 0x0000000708600000, 0x0000000708600000| Untracked 
|  25|0x0000000708700000, 0x0000000708700000, 0x0000000708800000|  0%| F|  |TAMS 0x0000000708700000, 0x0000000708700000| Untracked 
|  26|0x0000000708800000, 0x0000000708800000, 0x0000000708900000|  0%| F|  |TAMS 0x0000000708800000, 0x0000000708800000| Untracked 
|  27|0x0000000708900000, 0x0000000708900000, 0x0000000708a00000|  0%| F|  |TAMS 0x0000000708900000, 0x0000000708900000| Untracked 
|  28|0x0000000708a00000, 0x0000000708a00000, 0x0000000708b00000|  0%| F|  |TAMS 0x0000000708a00000, 0x0000000708a00000| Untracked 
|  29|0x0000000708b00000, 0x0000000708b00000, 0x0000000708c00000|  0%| F|  |TAMS 0x0000000708b00000, 0x0000000708b00000| Untracked 
|  30|0x0000000708c00000, 0x0000000708c00000, 0x0000000708d00000|  0%| F|  |TAMS 0x0000000708c00000, 0x0000000708c00000| Untracked 
|  31|0x0000000708d00000, 0x0000000708d00000, 0x0000000708e00000|  0%| F|  |TAMS 0x0000000708d00000, 0x0000000708d00000| Untracked 
|  32|0x0000000708e00000, 0x0000000708e00000, 0x0000000708f00000|  0%| F|  |TAMS 0x0000000708e00000, 0x0000000708e00000| Untracked 
|  33|0x0000000708f00000, 0x0000000708f00000, 0x0000000709000000|  0%| F|  |TAMS 0x0000000708f00000, 0x0000000708f00000| Untracked 
|  34|0x0000000709000000, 0x0000000709000000, 0x0000000709100000|  0%| F|  |TAMS 0x0000000709000000, 0x0000000709000000| Untracked 
|  35|0x0000000709100000, 0x0000000709100000, 0x0000000709200000|  0%| F|  |TAMS 0x0000000709100000, 0x0000000709100000| Untracked 
|  36|0x0000000709200000, 0x0000000709200000, 0x0000000709300000|  0%| F|  |TAMS 0x0000000709200000, 0x0000000709200000| Untracked 
|  37|0x0000000709300000, 0x0000000709300000, 0x0000000709400000|  0%| F|  |TAMS 0x0000000709300000, 0x0000000709300000| Untracked 
|  38|0x0000000709400000, 0x0000000709400000, 0x0000000709500000|  0%| F|  |TAMS 0x0000000709400000, 0x0000000709400000| Untracked 
|  39|0x0000000709500000, 0x0000000709500000, 0x0000000709600000|  0%| F|  |TAMS 0x0000000709500000, 0x0000000709500000| Untracked 
|  40|0x0000000709600000, 0x0000000709600000, 0x0000000709700000|  0%| F|  |TAMS 0x0000000709600000, 0x0000000709600000| Untracked 
|  41|0x0000000709700000, 0x0000000709700000, 0x0000000709800000|  0%| F|  |TAMS 0x0000000709700000, 0x0000000709700000| Untracked 
|  42|0x0000000709800000, 0x0000000709800000, 0x0000000709900000|  0%| F|  |TAMS 0x0000000709800000, 0x0000000709800000| Untracked 
|  43|0x0000000709900000, 0x0000000709900000, 0x0000000709a00000|  0%| F|  |TAMS 0x0000000709900000, 0x0000000709900000| Untracked 
|  44|0x0000000709a00000, 0x0000000709a00000, 0x0000000709b00000|  0%| F|  |TAMS 0x0000000709a00000, 0x0000000709a00000| Untracked 
|  45|0x0000000709b00000, 0x0000000709b00000, 0x0000000709c00000|  0%| F|  |TAMS 0x0000000709b00000, 0x0000000709b00000| Untracked 
|  46|0x0000000709c00000, 0x0000000709c00000, 0x0000000709d00000|  0%| F|  |TAMS 0x0000000709c00000, 0x0000000709c00000| Untracked 
|  47|0x0000000709d00000, 0x0000000709d00000, 0x0000000709e00000|  0%| F|  |TAMS 0x0000000709d00000, 0x0000000709d00000| Untracked 
|  48|0x0000000709e00000, 0x0000000709e00000, 0x0000000709f00000|  0%| F|  |TAMS 0x0000000709e00000, 0x0000000709e00000| Untracked 
|  49|0x0000000709f00000, 0x0000000709f00000, 0x000000070a000000|  0%| F|  |TAMS 0x0000000709f00000, 0x0000000709f00000| Untracked 
|  50|0x000000070a000000, 0x000000070a000000, 0x000000070a100000|  0%| F|  |TAMS 0x000000070a000000, 0x000000070a000000| Untracked 
|  51|0x000000070a100000, 0x000000070a100000, 0x000000070a200000|  0%| F|  |TAMS 0x000000070a100000, 0x000000070a100000| Untracked 
|  52|0x000000070a200000, 0x000000070a200000, 0x000000070a300000|  0%| F|  |TAMS 0x000000070a200000, 0x000000070a200000| Untracked 
|  53|0x000000070a300000, 0x000000070a300000, 0x000000070a400000|  0%| F|  |TAMS 0x000000070a300000, 0x000000070a300000| Untracked 
|  54|0x000000070a400000, 0x000000070a400000, 0x000000070a500000|  0%| F|  |TAMS 0x000000070a400000, 0x000000070a400000| Untracked 
|  55|0x000000070a500000, 0x000000070a500000, 0x000000070a600000|  0%| F|  |TAMS 0x000000070a500000, 0x000000070a500000| Untracked 
|  56|0x000000070a600000, 0x000000070a600000, 0x000000070a700000|  0%| F|  |TAMS 0x000000070a600000, 0x000000070a600000| Untracked 
|  57|0x000000070a700000, 0x000000070a700000, 0x000000070a800000|  0%| F|  |TAMS 0x000000070a700000, 0x000000070a700000| Untracked 
|  58|0x000000070a800000, 0x000000070a800000, 0x000000070a900000|  0%| F|  |TAMS 0x000000070a800000, 0x000000070a800000| Untracked 
|  59|0x000000070a900000, 0x000000070a900000, 0x000000070aa00000|  0%| F|  |TAMS 0x000000070a900000, 0x000000070a900000| Untracked 
|  60|0x000000070aa00000, 0x000000070aa00000, 0x000000070ab00000|  0%| F|  |TAMS 0x000000070aa00000, 0x000000070aa00000| Untracked 
|  61|0x000000070ab00000, 0x000000070ab00000, 0x000000070ac00000|  0%| F|  |TAMS 0x000000070ab00000, 0x000000070ab00000| Untracked 
|  62|0x000000070ac00000, 0x000000070ac00000, 0x000000070ad00000|  0%| F|  |TAMS 0x000000070ac00000, 0x000000070ac00000| Untracked 
|  63|0x000000070ad00000, 0x000000070ad00000, 0x000000070ae00000|  0%| F|  |TAMS 0x000000070ad00000, 0x000000070ad00000| Untracked 
|  64|0x000000070ae00000, 0x000000070ae00000, 0x000000070af00000|  0%| F|  |TAMS 0x000000070ae00000, 0x000000070ae00000| Untracked 
|  65|0x000000070af00000, 0x000000070af00000, 0x000000070b000000|  0%| F|  |TAMS 0x000000070af00000, 0x000000070af00000| Untracked 
|  66|0x000000070b000000, 0x000000070b000000, 0x000000070b100000|  0%| F|  |TAMS 0x000000070b000000, 0x000000070b000000| Untracked 
|  67|0x000000070b100000, 0x000000070b100000, 0x000000070b200000|  0%| F|  |TAMS 0x000000070b100000, 0x000000070b100000| Untracked 
|  68|0x000000070b200000, 0x000000070b200000, 0x000000070b300000|  0%| F|  |TAMS 0x000000070b200000, 0x000000070b200000| Untracked 
|  69|0x000000070b300000, 0x000000070b300000, 0x000000070b400000|  0%| F|  |TAMS 0x000000070b300000, 0x000000070b300000| Untracked 
|  70|0x000000070b400000, 0x000000070b400000, 0x000000070b500000|  0%| F|  |TAMS 0x000000070b400000, 0x000000070b400000| Untracked 
|  71|0x000000070b500000, 0x000000070b500000, 0x000000070b600000|  0%| F|  |TAMS 0x000000070b500000, 0x000000070b500000| Untracked 
|  72|0x000000070b600000, 0x000000070b600000, 0x000000070b700000|  0%| F|  |TAMS 0x000000070b600000, 0x000000070b600000| Untracked 
|  73|0x000000070b700000, 0x000000070b700000, 0x000000070b800000|  0%| F|  |TAMS 0x000000070b700000, 0x000000070b700000| Untracked 
|  74|0x000000070b800000, 0x000000070b800000, 0x000000070b900000|  0%| F|  |TAMS 0x000000070b800000, 0x000000070b800000| Untracked 
|  75|0x000000070b900000, 0x000000070b900000, 0x000000070ba00000|  0%| F|  |TAMS 0x000000070b900000, 0x000000070b900000| Untracked 
|  76|0x000000070ba00000, 0x000000070ba00000, 0x000000070bb00000|  0%| F|  |TAMS 0x000000070ba00000, 0x000000070ba00000| Untracked 
|  77|0x000000070bb00000, 0x000000070bb00000, 0x000000070bc00000|  0%| F|  |TAMS 0x000000070bb00000, 0x000000070bb00000| Untracked 
|  78|0x000000070bc00000, 0x000000070bc00000, 0x000000070bd00000|  0%| F|  |TAMS 0x000000070bc00000, 0x000000070bc00000| Untracked 
|  79|0x000000070bd00000, 0x000000070bd00000, 0x000000070be00000|  0%| F|  |TAMS 0x000000070bd00000, 0x000000070bd00000| Untracked 
|  80|0x000000070be00000, 0x000000070be00000, 0x000000070bf00000|  0%| F|  |TAMS 0x000000070be00000, 0x000000070be00000| Untracked 
|  81|0x000000070bf00000, 0x000000070bf00000, 0x000000070c000000|  0%| F|  |TAMS 0x000000070bf00000, 0x000000070bf00000| Untracked 
|  82|0x000000070c000000, 0x000000070c000000, 0x000000070c100000|  0%| F|  |TAMS 0x000000070c000000, 0x000000070c000000| Untracked 
|  83|0x000000070c100000, 0x000000070c100000, 0x000000070c200000|  0%| F|  |TAMS 0x000000070c100000, 0x000000070c100000| Untracked 
|  84|0x000000070c200000, 0x000000070c200000, 0x000000070c300000|  0%| F|  |TAMS 0x000000070c200000, 0x000000070c200000| Untracked 
|  85|0x000000070c300000, 0x000000070c300000, 0x000000070c400000|  0%| F|  |TAMS 0x000000070c300000, 0x000000070c300000| Untracked 
|  86|0x000000070c400000, 0x000000070c400000, 0x000000070c500000|  0%| F|  |TAMS 0x000000070c400000, 0x000000070c400000| Untracked 
|  87|0x000000070c500000, 0x000000070c500000, 0x000000070c600000|  0%| F|  |TAMS 0x000000070c500000, 0x000000070c500000| Untracked 
|  88|0x000000070c600000, 0x000000070c600000, 0x000000070c700000|  0%| F|  |TAMS 0x000000070c600000, 0x000000070c600000| Untracked 
|  89|0x000000070c700000, 0x000000070c700000, 0x000000070c800000|  0%| F|  |TAMS 0x000000070c700000, 0x000000070c700000| Untracked 
|  90|0x000000070c800000, 0x000000070c800000, 0x000000070c900000|  0%| F|  |TAMS 0x000000070c800000, 0x000000070c800000| Untracked 
|  91|0x000000070c900000, 0x000000070c900000, 0x000000070ca00000|  0%| F|  |TAMS 0x000000070c900000, 0x000000070c900000| Untracked 
|  92|0x000000070ca00000, 0x000000070ca00000, 0x000000070cb00000|  0%| F|  |TAMS 0x000000070ca00000, 0x000000070ca00000| Untracked 
|  93|0x000000070cb00000, 0x000000070cb00000, 0x000000070cc00000|  0%| F|  |TAMS 0x000000070cb00000, 0x000000070cb00000| Untracked 
|  94|0x000000070cc00000, 0x000000070cc00000, 0x000000070cd00000|  0%| F|  |TAMS 0x000000070cc00000, 0x000000070cc00000| Untracked 
|  95|0x000000070cd00000, 0x000000070cd00000, 0x000000070ce00000|  0%| F|  |TAMS 0x000000070cd00000, 0x000000070cd00000| Untracked 
|  96|0x000000070ce00000, 0x000000070ce00000, 0x000000070cf00000|  0%| F|  |TAMS 0x000000070ce00000, 0x000000070ce00000| Untracked 
|  97|0x000000070cf00000, 0x000000070cf00000, 0x000000070d000000|  0%| F|  |TAMS 0x000000070cf00000, 0x000000070cf00000| Untracked 
|  98|0x000000070d000000, 0x000000070d000000, 0x000000070d100000|  0%| F|  |TAMS 0x000000070d000000, 0x000000070d000000| Untracked 
|  99|0x000000070d100000, 0x000000070d100000, 0x000000070d200000|  0%| F|  |TAMS 0x000000070d100000, 0x000000070d100000| Untracked 
| 100|0x000000070d200000, 0x000000070d200000, 0x000000070d300000|  0%| F|  |TAMS 0x000000070d200000, 0x000000070d200000| Untracked 
| 101|0x000000070d300000, 0x000000070d300000, 0x000000070d400000|  0%| F|  |TAMS 0x000000070d300000, 0x000000070d300000| Untracked 
| 102|0x000000070d400000, 0x000000070d400000, 0x000000070d500000|  0%| F|  |TAMS 0x000000070d400000, 0x000000070d400000| Untracked 
| 103|0x000000070d500000, 0x000000070d500000, 0x000000070d600000|  0%| F|  |TAMS 0x000000070d500000, 0x000000070d500000| Untracked 
| 104|0x000000070d600000, 0x000000070d600000, 0x000000070d700000|  0%| F|  |TAMS 0x000000070d600000, 0x000000070d600000| Untracked 
| 105|0x000000070d700000, 0x000000070d700000, 0x000000070d800000|  0%| F|  |TAMS 0x000000070d700000, 0x000000070d700000| Untracked 
| 106|0x000000070d800000, 0x000000070d800000, 0x000000070d900000|  0%| F|  |TAMS 0x000000070d800000, 0x000000070d800000| Untracked 
| 107|0x000000070d900000, 0x000000070d900000, 0x000000070da00000|  0%| F|  |TAMS 0x000000070d900000, 0x000000070d900000| Untracked 
| 108|0x000000070da00000, 0x000000070da00000, 0x000000070db00000|  0%| F|  |TAMS 0x000000070da00000, 0x000000070da00000| Untracked 
| 109|0x000000070db00000, 0x000000070db00000, 0x000000070dc00000|  0%| F|  |TAMS 0x000000070db00000, 0x000000070db00000| Untracked 
| 110|0x000000070dc00000, 0x000000070dc00000, 0x000000070dd00000|  0%| F|  |TAMS 0x000000070dc00000, 0x000000070dc00000| Untracked 
| 111|0x000000070dd00000, 0x000000070dd00000, 0x000000070de00000|  0%| F|  |TAMS 0x000000070dd00000, 0x000000070dd00000| Untracked 
| 112|0x000000070de00000, 0x000000070de00000, 0x000000070df00000|  0%| F|  |TAMS 0x000000070de00000, 0x000000070de00000| Untracked 
| 113|0x000000070df00000, 0x000000070df00000, 0x000000070e000000|  0%| F|  |TAMS 0x000000070df00000, 0x000000070df00000| Untracked 
| 114|0x000000070e000000, 0x000000070e000000, 0x000000070e100000|  0%| F|  |TAMS 0x000000070e000000, 0x000000070e000000| Untracked 
| 115|0x000000070e100000, 0x000000070e100000, 0x000000070e200000|  0%| F|  |TAMS 0x000000070e100000, 0x000000070e100000| Untracked 
| 116|0x000000070e200000, 0x000000070e200000, 0x000000070e300000|  0%| F|  |TAMS 0x000000070e200000, 0x000000070e200000| Untracked 
| 117|0x000000070e300000, 0x000000070e300000, 0x000000070e400000|  0%| F|  |TAMS 0x000000070e300000, 0x000000070e300000| Untracked 
| 118|0x000000070e400000, 0x000000070e400000, 0x000000070e500000|  0%| F|  |TAMS 0x000000070e400000, 0x000000070e400000| Untracked 
| 119|0x000000070e500000, 0x000000070e500000, 0x000000070e600000|  0%| F|  |TAMS 0x000000070e500000, 0x000000070e500000| Untracked 
| 120|0x000000070e600000, 0x000000070e600000, 0x000000070e700000|  0%| F|  |TAMS 0x000000070e600000, 0x000000070e600000| Untracked 
| 121|0x000000070e700000, 0x000000070e700000, 0x000000070e800000|  0%| F|  |TAMS 0x000000070e700000, 0x000000070e700000| Untracked 
| 122|0x000000070e800000, 0x000000070e800000, 0x000000070e900000|  0%| F|  |TAMS 0x000000070e800000, 0x000000070e800000| Untracked 
| 123|0x000000070e900000, 0x000000070ea00000, 0x000000070ea00000|100%| E|  |TAMS 0x000000070e900000, 0x000000070e900000| Complete 
| 124|0x000000070ea00000, 0x000000070eb00000, 0x000000070eb00000|100%| E|CS|TAMS 0x000000070ea00000, 0x000000070ea00000| Complete 
| 125|0x000000070eb00000, 0x000000070ec00000, 0x000000070ec00000|100%| E|CS|TAMS 0x000000070eb00000, 0x000000070eb00000| Complete 
| 126|0x000000070ec00000, 0x000000070ed00000, 0x000000070ed00000|100%| E|CS|TAMS 0x000000070ec00000, 0x000000070ec00000| Complete 
| 127|0x000000070ed00000, 0x000000070ee00000, 0x000000070ee00000|100%| E|CS|TAMS 0x000000070ed00000, 0x000000070ed00000| Complete 
| 128|0x000000070ee00000, 0x000000070ef00000, 0x000000070ef00000|100%| E|CS|TAMS 0x000000070ee00000, 0x000000070ee00000| Complete 
| 129|0x000000070ef00000, 0x000000070f000000, 0x000000070f000000|100%| E|CS|TAMS 0x000000070ef00000, 0x000000070ef00000| Complete 
| 130|0x000000070f000000, 0x000000070f100000, 0x000000070f100000|100%| E|CS|TAMS 0x000000070f000000, 0x000000070f000000| Complete 
| 131|0x000000070f100000, 0x000000070f200000, 0x000000070f200000|100%| E|CS|TAMS 0x000000070f100000, 0x000000070f100000| Complete 
| 132|0x000000070f200000, 0x000000070f300000, 0x000000070f300000|100%| E|CS|TAMS 0x000000070f200000, 0x000000070f200000| Complete 
| 133|0x000000070f300000, 0x000000070f400000, 0x000000070f400000|100%| E|CS|TAMS 0x000000070f300000, 0x000000070f300000| Complete 
| 134|0x000000070f400000, 0x000000070f500000, 0x000000070f500000|100%| E|CS|TAMS 0x000000070f400000, 0x000000070f400000| Complete 
| 135|0x000000070f500000, 0x000000070f600000, 0x000000070f600000|100%| E|CS|TAMS 0x000000070f500000, 0x000000070f500000| Complete 
| 136|0x000000070f600000, 0x000000070f700000, 0x000000070f700000|100%| E|CS|TAMS 0x000000070f600000, 0x000000070f600000| Complete 
| 137|0x000000070f700000, 0x000000070f800000, 0x000000070f800000|100%| E|CS|TAMS 0x000000070f700000, 0x000000070f700000| Complete 
| 138|0x000000070f800000, 0x000000070f900000, 0x000000070f900000|100%| E|CS|TAMS 0x000000070f800000, 0x000000070f800000| Complete 
| 139|0x000000070f900000, 0x000000070fa00000, 0x000000070fa00000|100%| E|CS|TAMS 0x000000070f900000, 0x000000070f900000| Complete 
| 140|0x000000070fa00000, 0x000000070fb00000, 0x000000070fb00000|100%| E|CS|TAMS 0x000000070fa00000, 0x000000070fa00000| Complete 
| 141|0x000000070fb00000, 0x000000070fc00000, 0x000000070fc00000|100%| E|CS|TAMS 0x000000070fb00000, 0x000000070fb00000| Complete 
| 142|0x000000070fc00000, 0x000000070fd00000, 0x000000070fd00000|100%| E|CS|TAMS 0x000000070fc00000, 0x000000070fc00000| Complete 
| 143|0x000000070fd00000, 0x000000070fe00000, 0x000000070fe00000|100%| E|CS|TAMS 0x000000070fd00000, 0x000000070fd00000| Complete 
| 144|0x000000070fe00000, 0x000000070ff00000, 0x000000070ff00000|100%| E|CS|TAMS 0x000000070fe00000, 0x000000070fe00000| Complete 
| 145|0x000000070ff00000, 0x0000000710000000, 0x0000000710000000|100%| E|CS|TAMS 0x000000070ff00000, 0x000000070ff00000| Complete 
| 146|0x0000000710000000, 0x0000000710100000, 0x0000000710100000|100%| E|CS|TAMS 0x0000000710000000, 0x0000000710000000| Complete 
| 147|0x0000000710100000, 0x0000000710200000, 0x0000000710200000|100%| E|CS|TAMS 0x0000000710100000, 0x0000000710100000| Complete 
| 148|0x0000000710200000, 0x0000000710300000, 0x0000000710300000|100%| E|CS|TAMS 0x0000000710200000, 0x0000000710200000| Complete 
| 149|0x0000000710300000, 0x0000000710400000, 0x0000000710400000|100%| E|CS|TAMS 0x0000000710300000, 0x0000000710300000| Complete 
| 150|0x0000000710400000, 0x0000000710500000, 0x0000000710500000|100%| E|CS|TAMS 0x0000000710400000, 0x0000000710400000| Complete 
| 151|0x0000000710500000, 0x0000000710600000, 0x0000000710600000|100%| E|CS|TAMS 0x0000000710500000, 0x0000000710500000| Complete 
| 152|0x0000000710600000, 0x0000000710700000, 0x0000000710700000|100%| E|CS|TAMS 0x0000000710600000, 0x0000000710600000| Complete 
| 153|0x0000000710700000, 0x0000000710800000, 0x0000000710800000|100%| E|CS|TAMS 0x0000000710700000, 0x0000000710700000| Complete 
| 154|0x0000000710800000, 0x0000000710900000, 0x0000000710900000|100%| E|CS|TAMS 0x0000000710800000, 0x0000000710800000| Complete 
| 155|0x0000000710900000, 0x0000000710a00000, 0x0000000710a00000|100%| E|CS|TAMS 0x0000000710900000, 0x0000000710900000| Complete 
| 156|0x0000000710a00000, 0x0000000710b00000, 0x0000000710b00000|100%| E|CS|TAMS 0x0000000710a00000, 0x0000000710a00000| Complete 
| 157|0x0000000710b00000, 0x0000000710c00000, 0x0000000710c00000|100%| E|CS|TAMS 0x0000000710b00000, 0x0000000710b00000| Complete 
| 158|0x0000000710c00000, 0x0000000710d00000, 0x0000000710d00000|100%| E|CS|TAMS 0x0000000710c00000, 0x0000000710c00000| Complete 
| 159|0x0000000710d00000, 0x0000000710e00000, 0x0000000710e00000|100%| E|CS|TAMS 0x0000000710d00000, 0x0000000710d00000| Complete 
| 160|0x0000000710e00000, 0x0000000710f00000, 0x0000000710f00000|100%| E|CS|TAMS 0x0000000710e00000, 0x0000000710e00000| Complete 
| 161|0x0000000710f00000, 0x0000000711000000, 0x0000000711000000|100%| E|CS|TAMS 0x0000000710f00000, 0x0000000710f00000| Complete 
| 162|0x0000000711000000, 0x0000000711100000, 0x0000000711100000|100%| E|CS|TAMS 0x0000000711000000, 0x0000000711000000| Complete 
| 163|0x0000000711100000, 0x0000000711200000, 0x0000000711200000|100%| E|CS|TAMS 0x0000000711100000, 0x0000000711100000| Complete 
| 164|0x0000000711200000, 0x0000000711300000, 0x0000000711300000|100%| E|CS|TAMS 0x0000000711200000, 0x0000000711200000| Complete 
| 165|0x0000000711300000, 0x0000000711400000, 0x0000000711400000|100%| E|CS|TAMS 0x0000000711300000, 0x0000000711300000| Complete 
| 166|0x0000000711400000, 0x0000000711500000, 0x0000000711500000|100%| E|CS|TAMS 0x0000000711400000, 0x0000000711400000| Complete 
| 167|0x0000000711500000, 0x0000000711600000, 0x0000000711600000|100%| E|CS|TAMS 0x0000000711500000, 0x0000000711500000| Complete 
| 168|0x0000000711600000, 0x0000000711700000, 0x0000000711700000|100%| E|CS|TAMS 0x0000000711600000, 0x0000000711600000| Complete 
| 169|0x0000000711700000, 0x0000000711800000, 0x0000000711800000|100%| E|CS|TAMS 0x0000000711700000, 0x0000000711700000| Complete 
| 170|0x0000000711800000, 0x0000000711900000, 0x0000000711900000|100%| E|CS|TAMS 0x0000000711800000, 0x0000000711800000| Complete 
| 171|0x0000000711900000, 0x0000000711a00000, 0x0000000711a00000|100%| E|CS|TAMS 0x0000000711900000, 0x0000000711900000| Complete 
| 172|0x0000000711a00000, 0x0000000711b00000, 0x0000000711b00000|100%| E|CS|TAMS 0x0000000711a00000, 0x0000000711a00000| Complete 
| 173|0x0000000711b00000, 0x0000000711c00000, 0x0000000711c00000|100%| E|CS|TAMS 0x0000000711b00000, 0x0000000711b00000| Complete 
| 174|0x0000000711c00000, 0x0000000711d00000, 0x0000000711d00000|100%| E|CS|TAMS 0x0000000711c00000, 0x0000000711c00000| Complete 
| 175|0x0000000711d00000, 0x0000000711e00000, 0x0000000711e00000|100%| E|CS|TAMS 0x0000000711d00000, 0x0000000711d00000| Complete 
| 176|0x0000000711e00000, 0x0000000711f00000, 0x0000000711f00000|100%| E|CS|TAMS 0x0000000711e00000, 0x0000000711e00000| Complete 
| 177|0x0000000711f00000, 0x0000000712000000, 0x0000000712000000|100%| E|CS|TAMS 0x0000000711f00000, 0x0000000711f00000| Complete 
| 178|0x0000000712000000, 0x0000000712100000, 0x0000000712100000|100%| E|CS|TAMS 0x0000000712000000, 0x0000000712000000| Complete 
| 179|0x0000000712100000, 0x0000000712200000, 0x0000000712200000|100%| E|CS|TAMS 0x0000000712100000, 0x0000000712100000| Complete 
| 180|0x0000000712200000, 0x0000000712300000, 0x0000000712300000|100%| E|CS|TAMS 0x0000000712200000, 0x0000000712200000| Complete 
| 181|0x0000000712300000, 0x0000000712400000, 0x0000000712400000|100%| E|CS|TAMS 0x0000000712300000, 0x0000000712300000| Complete 
| 182|0x0000000712400000, 0x0000000712500000, 0x0000000712500000|100%| E|CS|TAMS 0x0000000712400000, 0x0000000712400000| Complete 
| 183|0x0000000712500000, 0x0000000712600000, 0x0000000712600000|100%| E|CS|TAMS 0x0000000712500000, 0x0000000712500000| Complete 
| 184|0x0000000712600000, 0x0000000712700000, 0x0000000712700000|100%| E|CS|TAMS 0x0000000712600000, 0x0000000712600000| Complete 
| 185|0x0000000712700000, 0x0000000712800000, 0x0000000712800000|100%| E|CS|TAMS 0x0000000712700000, 0x0000000712700000| Complete 
| 186|0x0000000712800000, 0x0000000712900000, 0x0000000712900000|100%| E|CS|TAMS 0x0000000712800000, 0x0000000712800000| Complete 
| 187|0x0000000712900000, 0x0000000712a00000, 0x0000000712a00000|100%| E|CS|TAMS 0x0000000712900000, 0x0000000712900000| Complete 
| 188|0x0000000712a00000, 0x0000000712b00000, 0x0000000712b00000|100%| E|CS|TAMS 0x0000000712a00000, 0x0000000712a00000| Complete 
| 189|0x0000000712b00000, 0x0000000712c00000, 0x0000000712c00000|100%| E|CS|TAMS 0x0000000712b00000, 0x0000000712b00000| Complete 
| 190|0x0000000712c00000, 0x0000000712d00000, 0x0000000712d00000|100%| E|CS|TAMS 0x0000000712c00000, 0x0000000712c00000| Complete 
| 191|0x0000000712d00000, 0x0000000712e00000, 0x0000000712e00000|100%| E|CS|TAMS 0x0000000712d00000, 0x0000000712d00000| Complete 
| 192|0x0000000712e00000, 0x0000000712f00000, 0x0000000712f00000|100%| E|CS|TAMS 0x0000000712e00000, 0x0000000712e00000| Complete 
| 193|0x0000000712f00000, 0x0000000713000000, 0x0000000713000000|100%| E|CS|TAMS 0x0000000712f00000, 0x0000000712f00000| Complete 
| 194|0x0000000713000000, 0x0000000713100000, 0x0000000713100000|100%| E|CS|TAMS 0x0000000713000000, 0x0000000713000000| Complete 
| 195|0x0000000713100000, 0x0000000713200000, 0x0000000713200000|100%| E|CS|TAMS 0x0000000713100000, 0x0000000713100000| Complete 
| 196|0x0000000713200000, 0x0000000713300000, 0x0000000713300000|100%| E|CS|TAMS 0x0000000713200000, 0x0000000713200000| Complete 
| 197|0x0000000713300000, 0x0000000713400000, 0x0000000713400000|100%| E|CS|TAMS 0x0000000713300000, 0x0000000713300000| Complete 
| 198|0x0000000713400000, 0x0000000713500000, 0x0000000713500000|100%| E|CS|TAMS 0x0000000713400000, 0x0000000713400000| Complete 
| 199|0x0000000713500000, 0x0000000713600000, 0x0000000713600000|100%| E|CS|TAMS 0x0000000713500000, 0x0000000713500000| Complete 
| 200|0x0000000713600000, 0x0000000713700000, 0x0000000713700000|100%| E|CS|TAMS 0x0000000713600000, 0x0000000713600000| Complete 
| 201|0x0000000713700000, 0x0000000713800000, 0x0000000713800000|100%| E|CS|TAMS 0x0000000713700000, 0x0000000713700000| Complete 
| 202|0x0000000713800000, 0x0000000713900000, 0x0000000713900000|100%| E|CS|TAMS 0x0000000713800000, 0x0000000713800000| Complete 
| 203|0x0000000713900000, 0x0000000713a00000, 0x0000000713a00000|100%| E|CS|TAMS 0x0000000713900000, 0x0000000713900000| Complete 
| 204|0x0000000713a00000, 0x0000000713b00000, 0x0000000713b00000|100%| E|CS|TAMS 0x0000000713a00000, 0x0000000713a00000| Complete 
| 205|0x0000000713b00000, 0x0000000713c00000, 0x0000000713c00000|100%| E|CS|TAMS 0x0000000713b00000, 0x0000000713b00000| Complete 
| 206|0x0000000713c00000, 0x0000000713d00000, 0x0000000713d00000|100%| E|CS|TAMS 0x0000000713c00000, 0x0000000713c00000| Complete 
| 207|0x0000000713d00000, 0x0000000713e00000, 0x0000000713e00000|100%| E|CS|TAMS 0x0000000713d00000, 0x0000000713d00000| Complete 
| 208|0x0000000713e00000, 0x0000000713f00000, 0x0000000713f00000|100%| E|CS|TAMS 0x0000000713e00000, 0x0000000713e00000| Complete 
| 209|0x0000000713f00000, 0x0000000714000000, 0x0000000714000000|100%| E|CS|TAMS 0x0000000713f00000, 0x0000000713f00000| Complete 
| 210|0x0000000714000000, 0x0000000714100000, 0x0000000714100000|100%| E|CS|TAMS 0x0000000714000000, 0x0000000714000000| Complete 
| 211|0x0000000714100000, 0x0000000714200000, 0x0000000714200000|100%| E|CS|TAMS 0x0000000714100000, 0x0000000714100000| Complete 
| 212|0x0000000714200000, 0x0000000714300000, 0x0000000714300000|100%| E|CS|TAMS 0x0000000714200000, 0x0000000714200000| Complete 
| 213|0x0000000714300000, 0x0000000714400000, 0x0000000714400000|100%| E|CS|TAMS 0x0000000714300000, 0x0000000714300000| Complete 
| 214|0x0000000714400000, 0x0000000714500000, 0x0000000714500000|100%| E|CS|TAMS 0x0000000714400000, 0x0000000714400000| Complete 
| 215|0x0000000714500000, 0x0000000714600000, 0x0000000714600000|100%| E|CS|TAMS 0x0000000714500000, 0x0000000714500000| Complete 
| 216|0x0000000714600000, 0x0000000714700000, 0x0000000714700000|100%| E|CS|TAMS 0x0000000714600000, 0x0000000714600000| Complete 
| 217|0x0000000714700000, 0x0000000714800000, 0x0000000714800000|100%| E|CS|TAMS 0x0000000714700000, 0x0000000714700000| Complete 
| 218|0x0000000714800000, 0x0000000714900000, 0x0000000714900000|100%| E|CS|TAMS 0x0000000714800000, 0x0000000714800000| Complete 
| 219|0x0000000714900000, 0x0000000714a00000, 0x0000000714a00000|100%| E|CS|TAMS 0x0000000714900000, 0x0000000714900000| Complete 
| 220|0x0000000714a00000, 0x0000000714b00000, 0x0000000714b00000|100%| E|CS|TAMS 0x0000000714a00000, 0x0000000714a00000| Complete 
| 221|0x0000000714b00000, 0x0000000714c00000, 0x0000000714c00000|100%| E|CS|TAMS 0x0000000714b00000, 0x0000000714b00000| Complete 
| 222|0x0000000714c00000, 0x0000000714d00000, 0x0000000714d00000|100%| E|CS|TAMS 0x0000000714c00000, 0x0000000714c00000| Complete 
| 223|0x0000000714d00000, 0x0000000714e00000, 0x0000000714e00000|100%| S|CS|TAMS 0x0000000714d00000, 0x0000000714d00000| Complete 
| 224|0x0000000714e00000, 0x0000000714f00000, 0x0000000714f00000|100%| S|CS|TAMS 0x0000000714e00000, 0x0000000714e00000| Complete 
| 225|0x0000000714f00000, 0x0000000715000000, 0x0000000715000000|100%| S|CS|TAMS 0x0000000714f00000, 0x0000000714f00000| Complete 
| 226|0x0000000715000000, 0x0000000715100000, 0x0000000715100000|100%| E|CS|TAMS 0x0000000715000000, 0x0000000715000000| Complete 
| 227|0x0000000715100000, 0x0000000715200000, 0x0000000715200000|100%| E|CS|TAMS 0x0000000715100000, 0x0000000715100000| Complete 
| 228|0x0000000715200000, 0x0000000715300000, 0x0000000715300000|100%| E|CS|TAMS 0x0000000715200000, 0x0000000715200000| Complete 
| 229|0x0000000715300000, 0x0000000715400000, 0x0000000715400000|100%| E|CS|TAMS 0x0000000715300000, 0x0000000715300000| Complete 
| 230|0x0000000715400000, 0x0000000715500000, 0x0000000715500000|100%| E|CS|TAMS 0x0000000715400000, 0x0000000715400000| Complete 
| 231|0x0000000715500000, 0x0000000715600000, 0x0000000715600000|100%| E|CS|TAMS 0x0000000715500000, 0x0000000715500000| Complete 
| 232|0x0000000715600000, 0x0000000715700000, 0x0000000715700000|100%| E|CS|TAMS 0x0000000715600000, 0x0000000715600000| Complete 
| 233|0x0000000715700000, 0x0000000715800000, 0x0000000715800000|100%| E|CS|TAMS 0x0000000715700000, 0x0000000715700000| Complete 
| 234|0x0000000715800000, 0x0000000715900000, 0x0000000715900000|100%| E|CS|TAMS 0x0000000715800000, 0x0000000715800000| Complete 
| 235|0x0000000715900000, 0x0000000715a00000, 0x0000000715a00000|100%| E|CS|TAMS 0x0000000715900000, 0x0000000715900000| Complete 
| 236|0x0000000715a00000, 0x0000000715b00000, 0x0000000715b00000|100%| E|CS|TAMS 0x0000000715a00000, 0x0000000715a00000| Complete 
| 237|0x0000000715b00000, 0x0000000715c00000, 0x0000000715c00000|100%| E|CS|TAMS 0x0000000715b00000, 0x0000000715b00000| Complete 
| 238|0x0000000715c00000, 0x0000000715d00000, 0x0000000715d00000|100%| E|CS|TAMS 0x0000000715c00000, 0x0000000715c00000| Complete 
| 239|0x0000000715d00000, 0x0000000715e00000, 0x0000000715e00000|100%| E|CS|TAMS 0x0000000715d00000, 0x0000000715d00000| Complete 
| 240|0x0000000715e00000, 0x0000000715f00000, 0x0000000715f00000|100%| E|CS|TAMS 0x0000000715e00000, 0x0000000715e00000| Complete 
| 241|0x0000000715f00000, 0x0000000716000000, 0x0000000716000000|100%| E|CS|TAMS 0x0000000715f00000, 0x0000000715f00000| Complete 
| 242|0x0000000716000000, 0x0000000716100000, 0x0000000716100000|100%| E|CS|TAMS 0x0000000716000000, 0x0000000716000000| Complete 
| 243|0x0000000716100000, 0x0000000716200000, 0x0000000716200000|100%| E|CS|TAMS 0x0000000716100000, 0x0000000716100000| Complete 
| 244|0x0000000716200000, 0x0000000716300000, 0x0000000716300000|100%| E|CS|TAMS 0x0000000716200000, 0x0000000716200000| Complete 
| 245|0x0000000716300000, 0x0000000716400000, 0x0000000716400000|100%| E|CS|TAMS 0x0000000716300000, 0x0000000716300000| Complete 
| 246|0x0000000716400000, 0x0000000716500000, 0x0000000716500000|100%| E|CS|TAMS 0x0000000716400000, 0x0000000716400000| Complete 
| 247|0x0000000716500000, 0x0000000716600000, 0x0000000716600000|100%| E|CS|TAMS 0x0000000716500000, 0x0000000716500000| Complete 
| 248|0x0000000716600000, 0x0000000716700000, 0x0000000716700000|100%| E|CS|TAMS 0x0000000716600000, 0x0000000716600000| Complete 
| 249|0x0000000716700000, 0x0000000716800000, 0x0000000716800000|100%| E|CS|TAMS 0x0000000716700000, 0x0000000716700000| Complete 
|3984|0x00000007ffe00000, 0x00000007ffe49000, 0x00000007fff00000| 28%|OA|  |TAMS 0x00000007ffe00000, 0x00000007ffe00000| Untracked 
|3985|0x00000007fff00000, 0x00000007fff72000, 0x0000000800000000| 44%|CA|  |TAMS 0x00000007fff00000, 0x00000007fff00000| Untracked 

Card table byte_map: [0x00007fd46b91f000,0x00007fd46c0e8000] _byte_map_base: 0x00007fd4680e8000

Marking Bits (Prev, Next): (CMBitMap*) 0x00007fd48408faf8, (CMBitMap*) 0x00007fd48408fb38
 Prev Bits: [0x00007fd46730e000, 0x00007fd46b156000)
 Next Bits: [0x00007fd4634c6000, 0x00007fd46730e000)

Polling page: 0x00007fd48c792000

Metaspace:

Usage:
  Non-class:     12,36 MB capacity,    11,08 MB ( 90%) used,     1,26 MB ( 10%) free+waste,    16,62 KB ( <1%) overhead. 
      Class:      1,52 MB capacity,     1,36 MB ( 89%) used,   156,36 KB ( 10%) free+waste,     6,88 KB ( <1%) overhead. 
       Both:     13,87 MB capacity,    12,43 MB ( 90%) used,     1,41 MB ( 10%) free+waste,    23,50 KB ( <1%) overhead. 

Virtual space:
  Non-class space:       14,00 MB reserved,      12,75 MB ( 91%) committed 
      Class space:        1,00 GB reserved,       1,62 MB ( <1%) committed 
             Both:        1,01 GB reserved,      14,38 MB (  1%) committed 

Chunk freelists:
   Non-Class:  21,50 KB
       Class:  1,00 KB
        Both:  22,50 KB

CodeHeap 'non-profiled nmethods': size=120032Kb used=752Kb max_used=752Kb free=119279Kb
 bounds [0x00007fd474379000, 0x00007fd4745e9000, 0x00007fd47b8b1000]
CodeHeap 'profiled nmethods': size=120028Kb used=2563Kb max_used=2563Kb free=117465Kb
 bounds [0x00007fd46ce42000, 0x00007fd46d0d2000, 0x00007fd474379000]
CodeHeap 'non-nmethods': size=5700Kb used=1515Kb max_used=1553Kb free=4184Kb
 bounds [0x00007fd46c8b1000, 0x00007fd46cb21000, 0x00007fd46ce42000]
 total_blobs=2715 nmethods=1310 adapters=879
 compilation: enabled
              stopped_count=0, restarted_count=0
 full_count=0

Compilation events (10 events):
Event: 1,948 Thread 0x00007fd484233000 1307       1       org.nd4j.linalg.api.ndarray.BaseNDArray::isCompressed (5 bytes)
Event: 1,948 Thread 0x00007fd484233000 nmethod 1307 0x00007fd474430990 code [0x00007fd474430b40, 0x00007fd474430c70]
Event: 1,949 Thread 0x00007fd484233000 1308       3       org.nd4j.linalg.api.shape.Shape::rank (8 bytes)
Event: 1,949 Thread 0x00007fd484233000 nmethod 1308 0x00007fd46d0c0b10 code [0x00007fd46d0c0ce0, 0x00007fd46d0c0f28]
Event: 1,949 Thread 0x00007fd484233000 1310       3       java.util.regex.Matcher::start (65 bytes)
Event: 1,950 Thread 0x00007fd484233000 nmethod 1310 0x00007fd46d0c1010 code [0x00007fd46d0c12a0, 0x00007fd46d0c1dc8]
Event: 1,950 Thread 0x00007fd484233000 1311       3       java.util.regex.Matcher::getTextLength (10 bytes)
Event: 1,951 Thread 0x00007fd484233000 nmethod 1311 0x00007fd46d0c2210 code [0x00007fd46d0c23e0, 0x00007fd46d0c2628]
Event: 1,951 Thread 0x00007fd484233000 1312       3       java.lang.StringBuilder::append (6 bytes)
Event: 1,951 Thread 0x00007fd484233000 nmethod 1312 0x00007fd46d0c2710 code [0x00007fd46d0c28e0, 0x00007fd46d0c2b08]

GC Heap History (2 events):
Event: 0,719 GC heap before
{Heap before GC invocations=0 (full 0):
 garbage-first heap   total 258048K, used 28396K [0x0000000706e00000, 0x0000000800000000)
  region size 1024K, 24 young (24576K), 0 survivors (0K)
 Metaspace       used 5056K, capacity 7555K, committed 7808K, reserved 1056768K
  class space    used 542K, capacity 795K, committed 896K, reserved 1048576K
}
Event: 0,733 GC heap after
{Heap after GC invocations=1 (full 0):
 garbage-first heap   total 258048K, used 10652K [0x0000000706e00000, 0x0000000800000000)
  region size 1024K, 3 young (3072K), 3 survivors (3072K)
 Metaspace       used 5056K, capacity 7555K, committed 7808K, reserved 1056768K
  class space    used 542K, capacity 795K, committed 896K, reserved 1048576K
}

Deoptimization events (10 events):
Event: 1,522 Thread 0x00007fd484019000 Uncommon trap: reason=unstable_if action=reinterpret pc=0x00007fd474401080 method=java.util.regex.Pattern$CharPropertyGreedy.match(Ljava/util/regex/Matcher;ILjava/lang/CharSequence;)Z @ 94 c2
Event: 1,522 Thread 0x00007fd484019000 Uncommon trap: reason=unstable_if action=reinterpret pc=0x00007fd4743fee9c method=java.util.regex.Pattern$CharPropertyGreedy.match(Ljava/util/regex/Matcher;ILjava/lang/CharSequence;)Z @ 94 c2
Event: 1,647 Thread 0x00007fd484019000 Uncommon trap: reason=unstable_if action=reinterpret pc=0x00007fd4744131b0 method=javassist.bytecode.AttributeInfo.read(Ljavassist/bytecode/ConstPool;Ljava/io/DataInputStream;)Ljavassist/bytecode/AttributeInfo; @ 107 c2
Event: 1,710 Thread 0x00007fd484019000 Uncommon trap: reason=bimorphic_or_optimized_type_check action=maybe_recompile pc=0x00007fd4743be6e0 method=java.util.HashMap.getNode(ILjava/lang/Object;)Ljava/util/HashMap$Node; @ 126 c2
Event: 1,727 Thread 0x00007fd484019000 Uncommon trap: reason=unstable_if action=reinterpret pc=0x00007fd4743f28e0 method=java.io.DataInputStream.readUTF(Ljava/io/DataInput;)Ljava/lang/String; @ 112 c2
Event: 1,727 Thread 0x00007fd484019000 Uncommon trap: reason=unstable_if action=reinterpret pc=0x00007fd4743f6634 method=java.lang.StringUTF16.compress([CII)[B @ 13 c2
Event: 1,820 Thread 0x00007fd484019000 Uncommon trap: reason=unstable_if action=reinterpret pc=0x00007fd47441e0b8 method=java.io.DataInputStream.readUTF(Ljava/io/DataInput;)Ljava/lang/String; @ 154 c2
Event: 1,820 Thread 0x00007fd484019000 Uncommon trap: reason=unstable_if action=reinterpret pc=0x00007fd4743f367c method=java.lang.StringUTF16.compress([CII)[B @ 13 c2
Event: 1,820 Thread 0x00007fd484019000 Uncommon trap: reason=unstable_if action=reinterpret pc=0x00007fd4743bef5c method=java.lang.StringUTF16.compress([CI[BII)I @ 20 c2
Event: 1,895 Thread 0x00007fd484019000 Uncommon trap: reason=bimorphic_or_optimized_type_check action=maybe_recompile pc=0x00007fd4743be6e0 method=java.util.HashMap.getNode(ILjava/lang/Object;)Ljava/util/HashMap$Node; @ 126 c2

Classes redefined (0 events):
No events

Internal exceptions (5 events):
Event: 0,558 Thread 0x00007fd484019000 Exception <a 'java/lang/NoSuchMethodError'{0x00000007155ea0b0}: java.lang.invoke.DirectMethodHandle$Holder.invokeStaticInit(Ljava/lang/Object;Ljava/lang/Object;Ljava/lang/Object;Ljava/lang/Object;)I> (0x00000007155ea0b0) thrown at [/export/home/tester/jen
Event: 0,561 Thread 0x00007fd484019000 Exception <a 'java/lang/IncompatibleClassChangeError'{0x00000007155f3760}: Found class java.lang.Object, but interface was expected> (0x00000007155f3760) thrown at [/export/home/tester/jenkins/workspace/zulu12-build-linux64/zulu-src/src/hotspot/share/inte
Event: 0,562 Thread 0x00007fd484019000 Exception <a 'java/lang/NoSuchMethodError'{0x00000007155f6758}: java.lang.invoke.DirectMethodHandle$Holder.invokeStaticInit(Ljava/lang/Object;Ljava/lang/Object;)V> (0x00000007155f6758) thrown at [/export/home/tester/jenkins/workspace/zulu12-build-linux64/
Event: 0,563 Thread 0x00007fd484019000 Exception <a 'java/lang/NoSuchMethodError'{0x00000007155fb920}: java.lang.invoke.DirectMethodHandle$Holder.invokeStaticInit(Ljava/lang/Object;Ljava/lang/Object;)I> (0x00000007155fb920) thrown at [/export/home/tester/jenkins/workspace/zulu12-build-linux64/
Event: 0,656 Thread 0x00007fd484019000 Exception <a 'java/lang/NoSuchMethodError'{0x0000000715207510}: java.lang.invoke.DirectMethodHandle$Holder.invokeStatic(Ljava/lang/Object;ILjava/lang/Object;)Ljava/lang/Object;> (0x0000000715207510) thrown at [/export/home/tester/jenkins/workspace/zulu12-

Events (10 events):
Event: 1,934 Executing VM operation: Deoptimize
Event: 1,934 Executing VM operation: Deoptimize done
Event: 1,934 loading class org/bytedeco/javacpp/indexer/LongBufferIndexer
Event: 1,934 loading class org/bytedeco/javacpp/indexer/LongBufferIndexer done
Event: 1,934 loading class org/bytedeco/javacpp/indexer/LongIndexer$1
Event: 1,934 loading class org/bytedeco/javacpp/indexer/LongIndexer$1 done
Event: 1,935 loading class org/bytedeco/javacpp/indexer/LongArrayIndexer
Event: 1,935 loading class org/bytedeco/javacpp/indexer/LongArrayIndexer done
Event: 1,946 loading class java/text/DigitList$1
Event: 1,946 loading class java/text/DigitList$1 done


Dynamic libraries:
00400000-00401000 r-xp 00000000 fd:00 3290684                            /home/onrolll/.sdkman/candidates/java/12.0.2-zulu/bin/java
00600000-00601000 r--p 00000000 fd:00 3290684                            /home/onrolll/.sdkman/candidates/java/12.0.2-zulu/bin/java
00601000-00602000 rw-p 00001000 fd:00 3290684                            /home/onrolll/.sdkman/candidates/java/12.0.2-zulu/bin/java
021cf000-02211000 rw-p 00000000 00:00 0                                  [heap]
706e00000-716800000 rw-p 00000000 00:00 0 
716800000-7ffe00000 ---p 00000000 00:00 0 
7ffe00000-7ffe49000 rw-p 0118d000 fd:00 1849326                          /home/onrolll/.sdkman/candidates/java/12.0.2-zulu/lib/server/classes.jsa
7ffe49000-7fff00000 rw-p 00000000 00:00 0 
7fff00000-7fff72000 rw-p 0111b000 fd:00 1849326                          /home/onrolll/.sdkman/candidates/java/12.0.2-zulu/lib/server/classes.jsa
7fff72000-800000000 rw-p 00000000 00:00 0 
800000000-800003000 rwxp 00001000 fd:00 1849326                          /home/onrolll/.sdkman/candidates/java/12.0.2-zulu/lib/server/classes.jsa
800003000-8003d4000 rw-p 00004000 fd:00 1849326                          /home/onrolll/.sdkman/candidates/java/12.0.2-zulu/lib/server/classes.jsa
8003d4000-800ad9000 r--p 003d5000 fd:00 1849326                          /home/onrolll/.sdkman/candidates/java/12.0.2-zulu/lib/server/classes.jsa
800ad9000-800ada000 rw-p 00ada000 fd:00 1849326                          /home/onrolll/.sdkman/candidates/java/12.0.2-zulu/lib/server/classes.jsa
800ada000-80111a000 r--p 00adb000 fd:00 1849326                          /home/onrolll/.sdkman/candidates/java/12.0.2-zulu/lib/server/classes.jsa
80111a000-8012ba000 rw-p 00000000 00:00 0 
8012ba000-84111a000 ---p 00000000 00:00 0 
7fd3d0000000-7fd3d0021000 rw-p 00000000 00:00 0 
7fd3d0021000-7fd3d4000000 ---p 00000000 00:00 0 
7fd3d4000000-7fd3d4021000 rw-p 00000000 00:00 0 
7fd3d4021000-7fd3d8000000 ---p 00000000 00:00 0 
7fd3d8000000-7fd3d84da000 rw-p 00000000 00:00 0 
7fd3d84da000-7fd3dc000000 ---p 00000000 00:00 0 
7fd3df7ff000-7fd3df800000 ---p 00000000 00:00 0 
7fd3df800000-7fd3e0000000 rw-p 00000000 00:00 0 
7fd3e0000000-7fd3e0039000 rw-p 00000000 00:00 0 
7fd3e0039000-7fd3e4000000 ---p 00000000 00:00 0 
7fd3e4358000-7fd3e4359000 ---p 00000000 00:00 0 
7fd3e4359000-7fd3e4b59000 rw-p 00000000 00:00 0 
7fd3e4b59000-7fd3e4b5a000 ---p 00000000 00:00 0 
7fd3e4b5a000-7fd3e541a000 rw-p 00000000 00:00 0 
7fd3e541a000-7fd3e555a000 ---p 00000000 00:00 0 
7fd3e555a000-7fd3e955a000 rw-p 00000000 00:00 0 
7fd3e955a000-7fd3ea30d000 r-xp 00000000 fd:00 1606901                    /home/onrolll/.javacpp/cache/openblas-0.2.20-1.4.1-linux-x86_64.jar/org/bytedeco/javacpp/linux-x86_64/libjniopenblas.so
7fd3ea30d000-7fd3ea50d000 ---p 00db3000 fd:00 1606901                    /home/onrolll/.javacpp/cache/openblas-0.2.20-1.4.1-linux-x86_64.jar/org/bytedeco/javacpp/linux-x86_64/libjniopenblas.so
7fd3ea50d000-7fd3ea515000 rw-p 00db3000 fd:00 1606901                    /home/onrolll/.javacpp/cache/openblas-0.2.20-1.4.1-linux-x86_64.jar/org/bytedeco/javacpp/linux-x86_64/libjniopenblas.so
7fd3ea515000-7fd3ea516000 ---p 00000000 00:00 0 
7fd3ea516000-7fd3ead16000 rw-p 00000000 00:00 0 
7fd3ead16000-7fd3ecd16000 rw-p 00000000 00:00 0 
7fd3ecd16000-7fd3ecd17000 ---p 00000000 00:00 0 
7fd3ecd17000-7fd3ed517000 rw-p 00000000 00:00 0 
7fd3ed517000-7fd3ef517000 rw-p 00000000 00:00 0 
7fd3ef517000-7fd3ef518000 ---p 00000000 00:00 0 
7fd3ef518000-7fd3efd18000 rw-p 00000000 00:00 0 
7fd3efd18000-7fd3f5d18000 rw-p 00000000 00:00 0 
7fd3f5d18000-7fd3f7d7f000 r-xp 00000000 fd:00 1606895                    /home/onrolll/.javacpp/cache/openblas-0.2.20-1.4.1-linux-x86_64.jar/org/bytedeco/javacpp/linux-x86_64/libopenblas.so.0
7fd3f7d7f000-7fd3f7f7f000 ---p 02067000 fd:00 1606895                    /home/onrolll/.javacpp/cache/openblas-0.2.20-1.4.1-linux-x86_64.jar/org/bytedeco/javacpp/linux-x86_64/libopenblas.so.0
7fd3f7f7f000-7fd3f7f9d000 rw-p 02067000 fd:00 1606895                    /home/onrolll/.javacpp/cache/openblas-0.2.20-1.4.1-linux-x86_64.jar/org/bytedeco/javacpp/linux-x86_64/libopenblas.so.0
7fd3f7f9d000-7fd3f8000000 rw-p 00000000 00:00 0 
7fd3f8000000-7fd3f8021000 rw-p 00000000 00:00 0 
7fd3f8021000-7fd3fc000000 ---p 00000000 00:00 0 
7fd3fc000000-7fd3fc021000 rw-p 00000000 00:00 0 
7fd3fc021000-7fd400000000 ---p 00000000 00:00 0 
7fd400000000-7fd400021000 rw-p 00000000 00:00 0 
7fd400021000-7fd404000000 ---p 00000000 00:00 0 
7fd404000000-7fd404021000 rw-p 00000000 00:00 0 
7fd404021000-7fd408000000 ---p 00000000 00:00 0 
7fd408000000-7fd408021000 rw-p 00000000 00:00 0 
7fd408021000-7fd40c000000 ---p 00000000 00:00 0 
7fd40c000000-7fd40c021000 rw-p 00000000 00:00 0 
7fd40c021000-7fd410000000 ---p 00000000 00:00 0 
7fd4100d2000-7fd4100d6000 ---p 00000000 00:00 0 
7fd4100d6000-7fd4101d3000 rw-p 00000000 00:00 0 
7fd4101d3000-7fd4101d4000 ---p 00000000 00:00 0 
7fd4101d4000-7fd4109d4000 rw-p 00000000 00:00 0 
7fd4109d4000-7fd4109d5000 ---p 00000000 00:00 0 
7fd4109d5000-7fd4111d5000 rw-p 00000000 00:00 0 
7fd4111d5000-7fd4111d6000 ---p 00000000 00:00 0 
7fd4111d6000-7fd4119d6000 rw-p 00000000 00:00 0 
7fd4119d6000-7fd4119d7000 ---p 00000000 00:00 0 
7fd4119d7000-7fd4121d7000 rw-p 00000000 00:00 0 
7fd4121d7000-7fd413dde000 r-xp 00000000 fd:00 1606876                    /home/onrolll/.javacpp/cache/nd4j-native-1.0.0-alpha-linux-x86_64.jar/org/nd4j/nativeblas/linux-x86_64/libnd4jcpu.so
7fd413dde000-7fd413fdd000 ---p 01c07000 fd:00 1606876                    /home/onrolll/.javacpp/cache/nd4j-native-1.0.0-alpha-linux-x86_64.jar/org/nd4j/nativeblas/linux-x86_64/libnd4jcpu.so
7fd413fdd000-7fd414000000 rw-p 01c06000 fd:00 1606876                    /home/onrolll/.javacpp/cache/nd4j-native-1.0.0-alpha-linux-x86_64.jar/org/nd4j/nativeblas/linux-x86_64/libnd4jcpu.so
7fd414000000-7fd414742000 rw-p 00000000 00:00 0 
7fd414742000-7fd418000000 ---p 00000000 00:00 0 
7fd418000000-7fd418021000 rw-p 00000000 00:00 0 
7fd418021000-7fd41c000000 ---p 00000000 00:00 0 
7fd41c000000-7fd41c021000 rw-p 00000000 00:00 0 
7fd41c021000-7fd420000000 ---p 00000000 00:00 0 
7fd420000000-7fd420021000 rw-p 00000000 00:00 0 
7fd420021000-7fd424000000 ---p 00000000 00:00 0 
7fd424000000-7fd424021000 rw-p 00000000 00:00 0 
7fd424021000-7fd428000000 ---p 00000000 00:00 0 
7fd428000000-7fd428021000 rw-p 00000000 00:00 0 
7fd428021000-7fd42c000000 ---p 00000000 00:00 0 
7fd42c000000-7fd42c360000 rw-p 00000000 00:00 0 
7fd42c360000-7fd430000000 ---p 00000000 00:00 0 
7fd430000000-7fd430021000 rw-p 00000000 00:00 0 
7fd430021000-7fd434000000 ---p 00000000 00:00 0 
7fd434000000-7fd434021000 rw-p 00000000 00:00 0 
7fd434021000-7fd438000000 ---p 00000000 00:00 0 
7fd438000000-7fd438679000 rw-p 00000000 00:00 0 
7fd438679000-7fd43c000000 ---p 00000000 00:00 0 
7fd43c000000-7fd43c021000 rw-p 00000000 00:00 0 
7fd43c021000-7fd440000000 ---p 00000000 00:00 0 
7fd440000000-7fd440021000 rw-p 00000000 00:00 0 
7fd440021000-7fd444000000 ---p 00000000 00:00 0 
7fd444000000-7fd444021000 rw-p 00000000 00:00 0 
7fd444021000-7fd448000000 ---p 00000000 00:00 0 
7fd448080000-7fd448170000 r-xp 00000000 fd:00 1606892                    /home/onrolll/.javacpp/cache/openblas-0.2.20-1.4.1-linux-x86_64.jar/org/bytedeco/javacpp/linux-x86_64/libgfortran.so.3
7fd448170000-7fd44836f000 ---p 000f0000 fd:00 1606892                    /home/onrolll/.javacpp/cache/openblas-0.2.20-1.4.1-linux-x86_64.jar/org/bytedeco/javacpp/linux-x86_64/libgfortran.so.3
7fd44836f000-7fd448371000 rw-p 000ef000 fd:00 1606892                    /home/onrolll/.javacpp/cache/openblas-0.2.20-1.4.1-linux-x86_64.jar/org/bytedeco/javacpp/linux-x86_64/libgfortran.so.3
7fd448371000-7fd448372000 rw-p 00000000 00:00 0 
7fd448372000-7fd448388000 r-xp 00000000 fd:00 1606890                    /home/onrolll/.javacpp/cache/openblas-0.2.20-1.4.1-linux-x86_64.jar/org/bytedeco/javacpp/linux-x86_64/libgcc_s.so.1
7fd448388000-7fd448587000 ---p 00016000 fd:00 1606890                    /home/onrolll/.javacpp/cache/openblas-0.2.20-1.4.1-linux-x86_64.jar/org/bytedeco/javacpp/linux-x86_64/libgcc_s.so.1
7fd448587000-7fd448588000 rw-p 00015000 fd:00 1606890                    /home/onrolll/.javacpp/cache/openblas-0.2.20-1.4.1-linux-x86_64.jar/org/bytedeco/javacpp/linux-x86_64/libgcc_s.so.1
7fd448588000-7fd448788000 rw-p 00000000 00:00 0 
7fd448815000-7fd448819000 ---p 00000000 00:00 0 
7fd448819000-7fd448b16000 rw-p 00000000 00:00 0 
7fd448b16000-7fd448b17000 ---p 00000000 00:00 0 
7fd448b17000-7fd448c18000 rw-p 00000000 00:00 0 
7fd448c18000-7fd448c19000 ---p 00000000 00:00 0 
7fd448c19000-7fd448d1a000 rw-p 00000000 00:00 0 
7fd448d1a000-7fd448d1b000 ---p 00000000 00:00 0 
7fd448d1b000-7fd448e1c000 rw-p 00000000 00:00 0 
7fd448e1c000-7fd448e1d000 ---p 00000000 00:00 0 
7fd448e1d000-7fd448f1e000 rw-p 00000000 00:00 0 
7fd448f1e000-7fd448f1f000 ---p 00000000 00:00 0 
7fd448f1f000-7fd449020000 rw-p 00000000 00:00 0 
7fd449020000-7fd4494b3000 r-xp 00000000 fd:00 1606878                    /home/onrolll/.javacpp/cache/nd4j-native-1.0.0-alpha-linux-x86_64.jar/org/nd4j/nativeblas/linux-x86_64/libjnind4jcpu.so
7fd4494b3000-7fd4496b3000 ---p 00493000 fd:00 1606878                    /home/onrolll/.javacpp/cache/nd4j-native-1.0.0-alpha-linux-x86_64.jar/org/nd4j/nativeblas/linux-x86_64/libjnind4jcpu.so
7fd4496b3000-7fd449712000 rw-p 00493000 fd:00 1606878                    /home/onrolll/.javacpp/cache/nd4j-native-1.0.0-alpha-linux-x86_64.jar/org/nd4j/nativeblas/linux-x86_64/libjnind4jcpu.so
7fd449712000-7fd449714000 rw-p 00000000 00:00 0 
7fd449714000-7fd44972b000 r-xp 00000000 fd:00 11797471                   /lib/x86_64-linux-gnu/libgcc_s.so.1
7fd44972b000-7fd44992a000 ---p 00017000 fd:00 11797471                   /lib/x86_64-linux-gnu/libgcc_s.so.1
7fd44992a000-7fd44992b000 r--p 00016000 fd:00 11797471                   /lib/x86_64-linux-gnu/libgcc_s.so.1
7fd44992b000-7fd44992c000 rw-p 00017000 fd:00 11797471                   /lib/x86_64-linux-gnu/libgcc_s.so.1
7fd44992c000-7fd449aa5000 r-xp 00000000 fd:00 9188079                    /usr/lib/x86_64-linux-gnu/libstdc++.so.6.0.25
7fd449aa5000-7fd449ca5000 ---p 00179000 fd:00 9188079                    /usr/lib/x86_64-linux-gnu/libstdc++.so.6.0.25
7fd449ca5000-7fd449caf000 r--p 00179000 fd:00 9188079                    /usr/lib/x86_64-linux-gnu/libstdc++.so.6.0.25
7fd449caf000-7fd449cb1000 rw-p 00183000 fd:00 9188079                    /usr/lib/x86_64-linux-gnu/libstdc++.so.6.0.25
7fd449cb1000-7fd449cb5000 rw-p 00000000 00:00 0 
7fd449cb5000-7fd449cca000 r-xp 00000000 fd:00 1606872                    /home/onrolll/.javacpp/cache/nd4j-native-1.0.0-alpha-linux-x86_64.jar/org/nd4j/nativeblas/linux-x86_64/libgomp.so.1
7fd449cca000-7fd449ec9000 ---p 00015000 fd:00 1606872                    /home/onrolll/.javacpp/cache/nd4j-native-1.0.0-alpha-linux-x86_64.jar/org/nd4j/nativeblas/linux-x86_64/libgomp.so.1
7fd449ec9000-7fd449eca000 rw-p 00014000 fd:00 1606872                    /home/onrolll/.javacpp/cache/nd4j-native-1.0.0-alpha-linux-x86_64.jar/org/nd4j/nativeblas/linux-x86_64/libgomp.so.1
7fd449eca000-7fd449ece000 ---p 00000000 00:00 0 
7fd449ece000-7fd449fcb000 rw-p 00000000 00:00 0 
7fd449fcb000-7fd449fcf000 ---p 00000000 00:00 0 
7fd449fcf000-7fd44a0cc000 rw-p 00000000 00:00 0 
7fd44a0cc000-7fd44a0d0000 ---p 00000000 00:00 0 
7fd44a0d0000-7fd44a1cd000 rw-p 00000000 00:00 0 
7fd44a1cd000-7fd44a1cf000 r-xp 00000000 fd:00 1849359                    /home/onrolll/.sdkman/candidates/java/12.0.2-zulu/lib/libextnet.so
7fd44a1cf000-7fd44a3ce000 ---p 00002000 fd:00 1849359                    /home/onrolll/.sdkman/candidates/java/12.0.2-zulu/lib/libextnet.so
7fd44a3ce000-7fd44a3cf000 r--p 00001000 fd:00 1849359                    /home/onrolll/.sdkman/candidates/java/12.0.2-zulu/lib/libextnet.so
7fd44a3cf000-7fd44a3d0000 rw-p 00002000 fd:00 1849359                    /home/onrolll/.sdkman/candidates/java/12.0.2-zulu/lib/libextnet.so
7fd44a3d0000-7fd44a3d1000 ---p 00000000 00:00 0 
7fd44a3d1000-7fd44a4d2000 rw-p 00000000 00:00 0 
7fd44a4d2000-7fd44a4d6000 ---p 00000000 00:00 0 
7fd44a4d6000-7fd44a5d3000 rw-p 00000000 00:00 0 
7fd44a5d3000-7fd44a5d7000 ---p 00000000 00:00 0 
7fd44a5d7000-7fd44a6d4000 rw-p 00000000 00:00 0 
7fd44a6d4000-7fd44a6eb000 r-xp 00000000 fd:00 1849333                    /home/onrolll/.sdkman/candidates/java/12.0.2-zulu/lib/libnet.so
7fd44a6eb000-7fd44a8ea000 ---p 00017000 fd:00 1849333                    /home/onrolll/.sdkman/candidates/java/12.0.2-zulu/lib/libnet.so
7fd44a8ea000-7fd44a8eb000 r--p 00016000 fd:00 1849333                    /home/onrolll/.sdkman/candidates/java/12.0.2-zulu/lib/libnet.so
7fd44a8eb000-7fd44a8ec000 rw-p 00017000 fd:00 1849333                    /home/onrolll/.sdkman/candidates/java/12.0.2-zulu/lib/libnet.so
7fd44a8ec000-7fd44a8fd000 r-xp 00000000 fd:00 1849371                    /home/onrolll/.sdkman/candidates/java/12.0.2-zulu/lib/libnio.so
7fd44a8fd000-7fd44aafc000 ---p 00011000 fd:00 1849371                    /home/onrolll/.sdkman/candidates/java/12.0.2-zulu/lib/libnio.so
7fd44aafc000-7fd44aafd000 r--p 00010000 fd:00 1849371                    /home/onrolll/.sdkman/candidates/java/12.0.2-zulu/lib/libnio.so
7fd44aafd000-7fd44aafe000 rw-p 00011000 fd:00 1849371                    /home/onrolll/.sdkman/candidates/java/12.0.2-zulu/lib/libnio.so
7fd44aafe000-7fd44ab02000 ---p 00000000 00:00 0 
7fd44ab02000-7fd44abff000 rw-p 00000000 00:00 0 
7fd44abff000-7fd44ac03000 ---p 00000000 00:00 0 
7fd44ac03000-7fd44ad00000 rw-p 00000000 00:00 0 
7fd44ad00000-7fd44b800000 r--p 00000000 fd:00 9181817                    /usr/lib/locale/locale-archive
7fd44b800000-7fd44c000000 rw-p 00000000 00:00 0 
7fd44c000000-7fd44c021000 rw-p 00000000 00:00 0 
7fd44c021000-7fd450000000 ---p 00000000 00:00 0 
7fd450000000-7fd450021000 rw-p 00000000 00:00 0 
7fd450021000-7fd454000000 ---p 00000000 00:00 0 
7fd454000000-7fd454021000 rw-p 00000000 00:00 0 
7fd454021000-7fd458000000 ---p 00000000 00:00 0 
7fd458000000-7fd458021000 rw-p 00000000 00:00 0 
7fd458021000-7fd45c000000 ---p 00000000 00:00 0 
7fd45c000000-7fd45c021000 rw-p 00000000 00:00 0 
7fd45c021000-7fd460000000 ---p 00000000 00:00 0 
7fd4600ac000-7fd4600b0000 ---p 00000000 00:00 0 
7fd4600b0000-7fd4601ad000 rw-p 00000000 00:00 0 
7fd4601ad000-7fd4601b1000 ---p 00000000 00:00 0 
7fd4601b1000-7fd4602ae000 rw-p 00000000 00:00 0 
7fd4602ae000-7fd4602b2000 ---p 00000000 00:00 0 
7fd4602b2000-7fd4603af000 rw-p 00000000 00:00 0 
7fd4603af000-7fd4603b3000 ---p 00000000 00:00 0 
7fd4603b3000-7fd4604b0000 rw-p 00000000 00:00 0 
7fd4604b0000-7fd4604b4000 ---p 00000000 00:00 0 
7fd4604b4000-7fd4605b1000 rw-p 00000000 00:00 0 
7fd4605b1000-7fd4605b2000 ---p 00000000 00:00 0 
7fd4605b2000-7fd4606b3000 rw-p 00000000 00:00 0 
7fd4606b3000-7fd4606b4000 ---p 00000000 00:00 0 
7fd4606b4000-7fd4607b5000 rw-p 00000000 00:00 0 
7fd4607b5000-7fd4607b6000 ---p 00000000 00:00 0 
7fd4607b6000-7fd4630bf000 rw-p 00000000 00:00 0 
7fd4630bf000-7fd4630c0000 ---p 00000000 00:00 0 
7fd4630c0000-7fd4631c1000 rw-p 00000000 00:00 0 
7fd4631c1000-7fd4631c2000 ---p 00000000 00:00 0 
7fd4631c2000-7fd4632c3000 rw-p 00000000 00:00 0 
7fd4632c3000-7fd4632c4000 ---p 00000000 00:00 0 
7fd4632c4000-7fd4638ae000 rw-p 00000000 00:00 0 
7fd4638ae000-7fd467306000 ---p 00000000 00:00 0 
7fd467306000-7fd4676f6000 rw-p 00000000 00:00 0 
7fd4676f6000-7fd46b14e000 ---p 00000000 00:00 0 
7fd46b14e000-7fd46b1d3000 rw-p 00000000 00:00 0 
7fd46b1d3000-7fd46b91e000 ---p 00000000 00:00 0 
7fd46b91e000-7fd46b99c000 rw-p 00000000 00:00 0 
7fd46b99c000-7fd46c0e7000 ---p 00000000 00:00 0 
7fd46c0e7000-7fd46c165000 rw-p 00000000 00:00 0 
7fd46c165000-7fd46c8b0000 ---p 00000000 00:00 0 
7fd46c8b0000-7fd46c8b1000 rw-p 00000000 00:00 0 
7fd46c8b1000-7fd46cb21000 rwxp 00000000 00:00 0 
7fd46cb21000-7fd46ce42000 ---p 00000000 00:00 0 
7fd46ce42000-7fd46d0d2000 rwxp 00000000 00:00 0 
7fd46d0d2000-7fd474379000 ---p 00000000 00:00 0 
7fd474379000-7fd4745e9000 rwxp 00000000 00:00 0 
7fd4745e9000-7fd47b8b1000 ---p 00000000 00:00 0 
7fd47b8b1000-7fd484000000 r--s 00000000 fd:00 1849367                    /home/onrolll/.sdkman/candidates/java/12.0.2-zulu/lib/modules
7fd484000000-7fd484dce000 rw-p 00000000 00:00 0 
7fd484dce000-7fd488000000 ---p 00000000 00:00 0 
7fd48802b000-7fd4888b9000 rw-p 00000000 00:00 0 
7fd4888b9000-7fd48899f000 ---p 00000000 00:00 0 
7fd48899f000-7fd4889a5000 rw-p 00000000 00:00 0 
7fd4889a5000-7fd488a8a000 ---p 00000000 00:00 0 
7fd488a8a000-7fd488aa5000 r-xp 00000000 fd:00 1849365                    /home/onrolll/.sdkman/candidates/java/12.0.2-zulu/lib/libjimage.so
7fd488aa5000-7fd488ca5000 ---p 0001b000 fd:00 1849365                    /home/onrolll/.sdkman/candidates/java/12.0.2-zulu/lib/libjimage.so
7fd488ca5000-7fd488ca7000 r--p 0001b000 fd:00 1849365                    /home/onrolll/.sdkman/candidates/java/12.0.2-zulu/lib/libjimage.so
7fd488ca7000-7fd488ca8000 rw-p 0001d000 fd:00 1849365                    /home/onrolll/.sdkman/candidates/java/12.0.2-zulu/lib/libjimage.so
7fd488ca8000-7fd488caf000 r-xp 00000000 fd:00 1849368                    /home/onrolll/.sdkman/candidates/java/12.0.2-zulu/lib/libzip.so
7fd488caf000-7fd488eae000 ---p 00007000 fd:00 1849368                    /home/onrolll/.sdkman/candidates/java/12.0.2-zulu/lib/libzip.so
7fd488eae000-7fd488eaf000 r--p 00006000 fd:00 1849368                    /home/onrolll/.sdkman/candidates/java/12.0.2-zulu/lib/libzip.so
7fd488eaf000-7fd488eb0000 rw-p 00007000 fd:00 1849368                    /home/onrolll/.sdkman/candidates/java/12.0.2-zulu/lib/libzip.so
7fd488eb0000-7fd488ebb000 r-xp 00000000 fd:00 11801397                   /lib/x86_64-linux-gnu/libnss_files-2.27.so
7fd488ebb000-7fd4890ba000 ---p 0000b000 fd:00 11801397                   /lib/x86_64-linux-gnu/libnss_files-2.27.so
7fd4890ba000-7fd4890bb000 r--p 0000a000 fd:00 11801397                   /lib/x86_64-linux-gnu/libnss_files-2.27.so
7fd4890bb000-7fd4890bc000 rw-p 0000b000 fd:00 11801397                   /lib/x86_64-linux-gnu/libnss_files-2.27.so
7fd4890bc000-7fd4890c2000 rw-p 00000000 00:00 0 
7fd4890c2000-7fd4890d9000 r-xp 00000000 fd:00 11801391                   /lib/x86_64-linux-gnu/libnsl-2.27.so
7fd4890d9000-7fd4892d8000 ---p 00017000 fd:00 11801391                   /lib/x86_64-linux-gnu/libnsl-2.27.so
7fd4892d8000-7fd4892d9000 r--p 00016000 fd:00 11801391                   /lib/x86_64-linux-gnu/libnsl-2.27.so
7fd4892d9000-7fd4892da000 rw-p 00017000 fd:00 11801391                   /lib/x86_64-linux-gnu/libnsl-2.27.so
7fd4892da000-7fd4892dc000 rw-p 00000000 00:00 0 
7fd4892dc000-7fd4892e7000 r-xp 00000000 fd:00 11801408                   /lib/x86_64-linux-gnu/libnss_nis-2.27.so
7fd4892e7000-7fd4894e6000 ---p 0000b000 fd:00 11801408                   /lib/x86_64-linux-gnu/libnss_nis-2.27.so
7fd4894e6000-7fd4894e7000 r--p 0000a000 fd:00 11801408                   /lib/x86_64-linux-gnu/libnss_nis-2.27.so
7fd4894e7000-7fd4894e8000 rw-p 0000b000 fd:00 11801408                   /lib/x86_64-linux-gnu/libnss_nis-2.27.so
7fd4894e8000-7fd4894f0000 r-xp 00000000 fd:00 11801393                   /lib/x86_64-linux-gnu/libnss_compat-2.27.so
7fd4894f0000-7fd4896f0000 ---p 00008000 fd:00 11801393                   /lib/x86_64-linux-gnu/libnss_compat-2.27.so
7fd4896f0000-7fd4896f1000 r--p 00008000 fd:00 11801393                   /lib/x86_64-linux-gnu/libnss_compat-2.27.so
7fd4896f1000-7fd4896f2000 rw-p 00009000 fd:00 11801393                   /lib/x86_64-linux-gnu/libnss_compat-2.27.so
7fd4896f2000-7fd4896fc000 r-xp 00000000 fd:00 1849342                    /home/onrolll/.sdkman/candidates/java/12.0.2-zulu/lib/libinstrument.so
7fd4896fc000-7fd4898fb000 ---p 0000a000 fd:00 1849342                    /home/onrolll/.sdkman/candidates/java/12.0.2-zulu/lib/libinstrument.so
7fd4898fb000-7fd4898fc000 r--p 00009000 fd:00 1849342                    /home/onrolll/.sdkman/candidates/java/12.0.2-zulu/lib/libinstrument.so
7fd4898fc000-7fd4898fd000 rw-p 0000a000 fd:00 1849342                    /home/onrolll/.sdkman/candidates/java/12.0.2-zulu/lib/libinstrument.so
7fd4898fd000-7fd489925000 r-xp 00000000 fd:00 1849377                    /home/onrolll/.sdkman/candidates/java/12.0.2-zulu/lib/libjava.so
7fd489925000-7fd489b24000 ---p 00028000 fd:00 1849377                    /home/onrolll/.sdkman/candidates/java/12.0.2-zulu/lib/libjava.so
7fd489b24000-7fd489b25000 r--p 00027000 fd:00 1849377                    /home/onrolll/.sdkman/candidates/java/12.0.2-zulu/lib/libjava.so
7fd489b25000-7fd489b27000 rw-p 00028000 fd:00 1849377                    /home/onrolll/.sdkman/candidates/java/12.0.2-zulu/lib/libjava.so
7fd489b27000-7fd489b34000 r-xp 00000000 fd:00 1849353                    /home/onrolll/.sdkman/candidates/java/12.0.2-zulu/lib/libverify.so
7fd489b34000-7fd489d33000 ---p 0000d000 fd:00 1849353                    /home/onrolll/.sdkman/candidates/java/12.0.2-zulu/lib/libverify.so
7fd489d33000-7fd489d35000 r--p 0000c000 fd:00 1849353                    /home/onrolll/.sdkman/candidates/java/12.0.2-zulu/lib/libverify.so
7fd489d35000-7fd489d36000 rw-p 0000e000 fd:00 1849353                    /home/onrolll/.sdkman/candidates/java/12.0.2-zulu/lib/libverify.so
7fd489d36000-7fd489d3d000 r-xp 00000000 fd:00 11801448                   /lib/x86_64-linux-gnu/librt-2.27.so
7fd489d3d000-7fd489f3c000 ---p 00007000 fd:00 11801448                   /lib/x86_64-linux-gnu/librt-2.27.so
7fd489f3c000-7fd489f3d000 r--p 00006000 fd:00 11801448                   /lib/x86_64-linux-gnu/librt-2.27.so
7fd489f3d000-7fd489f3e000 rw-p 00007000 fd:00 11801448                   /lib/x86_64-linux-gnu/librt-2.27.so
7fd489f3e000-7fd48a0db000 r-xp 00000000 fd:00 11801370                   /lib/x86_64-linux-gnu/libm-2.27.so
7fd48a0db000-7fd48a2da000 ---p 0019d000 fd:00 11801370                   /lib/x86_64-linux-gnu/libm-2.27.so
7fd48a2da000-7fd48a2db000 r--p 0019c000 fd:00 11801370                   /lib/x86_64-linux-gnu/libm-2.27.so
7fd48a2db000-7fd48a2dc000 rw-p 0019d000 fd:00 11801370                   /lib/x86_64-linux-gnu/libm-2.27.so
7fd48a2dc000-7fd48b5a9000 r-xp 00000000 fd:00 1849325                    /home/onrolll/.sdkman/candidates/java/12.0.2-zulu/lib/server/libjvm.so
7fd48b5a9000-7fd48b7a9000 ---p 012cd000 fd:00 1849325                    /home/onrolll/.sdkman/candidates/java/12.0.2-zulu/lib/server/libjvm.so
7fd48b7a9000-7fd48b86e000 r--p 012cd000 fd:00 1849325                    /home/onrolll/.sdkman/candidates/java/12.0.2-zulu/lib/server/libjvm.so
7fd48b86e000-7fd48b8a9000 rw-p 01392000 fd:00 1849325                    /home/onrolll/.sdkman/candidates/java/12.0.2-zulu/lib/server/libjvm.so
7fd48b8a9000-7fd48b92c000 rw-p 00000000 00:00 0 
7fd48b92c000-7fd48bb13000 r-xp 00000000 fd:00 11801307                   /lib/x86_64-linux-gnu/libc-2.27.so
7fd48bb13000-7fd48bd13000 ---p 001e7000 fd:00 11801307                   /lib/x86_64-linux-gnu/libc-2.27.so
7fd48bd13000-7fd48bd17000 r--p 001e7000 fd:00 11801307                   /lib/x86_64-linux-gnu/libc-2.27.so
7fd48bd17000-7fd48bd19000 rw-p 001eb000 fd:00 11801307                   /lib/x86_64-linux-gnu/libc-2.27.so
7fd48bd19000-7fd48bd1d000 rw-p 00000000 00:00 0 
7fd48bd1d000-7fd48bd20000 r-xp 00000000 fd:00 11801330                   /lib/x86_64-linux-gnu/libdl-2.27.so
7fd48bd20000-7fd48bf1f000 ---p 00003000 fd:00 11801330                   /lib/x86_64-linux-gnu/libdl-2.27.so
7fd48bf1f000-7fd48bf20000 r--p 00002000 fd:00 11801330                   /lib/x86_64-linux-gnu/libdl-2.27.so
7fd48bf20000-7fd48bf21000 rw-p 00003000 fd:00 11801330                   /lib/x86_64-linux-gnu/libdl-2.27.so
7fd48bf21000-7fd48bf3b000 r-xp 00000000 fd:00 11801440                   /lib/x86_64-linux-gnu/libpthread-2.27.so
7fd48bf3b000-7fd48c13a000 ---p 0001a000 fd:00 11801440                   /lib/x86_64-linux-gnu/libpthread-2.27.so
7fd48c13a000-7fd48c13b000 r--p 00019000 fd:00 11801440                   /lib/x86_64-linux-gnu/libpthread-2.27.so
7fd48c13b000-7fd48c13c000 rw-p 0001a000 fd:00 11801440                   /lib/x86_64-linux-gnu/libpthread-2.27.so
7fd48c13c000-7fd48c140000 rw-p 00000000 00:00 0 
7fd48c140000-7fd48c150000 r-xp 00000000 fd:00 1849344                    /home/onrolll/.sdkman/candidates/java/12.0.2-zulu/lib/libjli.so
7fd48c150000-7fd48c34f000 ---p 00010000 fd:00 1849344                    /home/onrolll/.sdkman/candidates/java/12.0.2-zulu/lib/libjli.so
7fd48c34f000-7fd48c350000 r--p 0000f000 fd:00 1849344                    /home/onrolll/.sdkman/candidates/java/12.0.2-zulu/lib/libjli.so
7fd48c350000-7fd48c351000 rw-p 00010000 fd:00 1849344                    /home/onrolll/.sdkman/candidates/java/12.0.2-zulu/lib/libjli.so
7fd48c351000-7fd48c36d000 r-xp 00000000 fd:00 11801479                   /lib/x86_64-linux-gnu/libz.so.1.2.11
7fd48c36d000-7fd48c56c000 ---p 0001c000 fd:00 11801479                   /lib/x86_64-linux-gnu/libz.so.1.2.11
7fd48c56c000-7fd48c56d000 r--p 0001b000 fd:00 11801479                   /lib/x86_64-linux-gnu/libz.so.1.2.11
7fd48c56d000-7fd48c56e000 rw-p 0001c000 fd:00 11801479                   /lib/x86_64-linux-gnu/libz.so.1.2.11
7fd48c56e000-7fd48c595000 r-xp 00000000 fd:00 11801279                   /lib/x86_64-linux-gnu/ld-2.27.so
7fd48c5dc000-7fd48c678000 rw-p 00000000 00:00 0 
7fd48c678000-7fd48c67c000 ---p 00000000 00:00 0 
7fd48c67c000-7fd48c77d000 rw-p 00000000 00:00 0 
7fd48c77e000-7fd48c783000 rw-p 00000000 00:00 0 
7fd48c783000-7fd48c78a000 ---p 00000000 00:00 0 
7fd48c78a000-7fd48c792000 rw-s 00000000 fd:00 6039703                    /tmp/hsperfdata_onrolll/14439
7fd48c792000-7fd48c793000 ---p 00000000 00:00 0 
7fd48c793000-7fd48c794000 r--p 00000000 00:00 0 
7fd48c794000-7fd48c795000 ---p 00000000 00:00 0 
7fd48c795000-7fd48c796000 r--p 00027000 fd:00 11801279                   /lib/x86_64-linux-gnu/ld-2.27.so
7fd48c796000-7fd48c797000 rw-p 00028000 fd:00 11801279                   /lib/x86_64-linux-gnu/ld-2.27.so
7fd48c797000-7fd48c798000 rw-p 00000000 00:00 0 
7ffccf4f3000-7ffccf51a000 rw-p 00000000 00:00 0                          [stack]
7ffccf544000-7ffccf547000 r--p 00000000 00:00 0                          [vvar]
7ffccf547000-7ffccf548000 r-xp 00000000 00:00 0                          [vdso]
ffffffffff600000-ffffffffff601000 r-xp 00000000 00:00 0                  [vsyscall]


VM Arguments:
jvm_args: -Dvisualvm.id=14278642954715 -javaagent:/home/onrolll/idea-IC-191.7141.44/lib/idea_rt.jar=46339:/home/onrolll/idea-IC-191.7141.44/bin -Dfile.encoding=UTF-8 
java_command: harvester.Nd4jKt
java_class_path (initial): /home/onrolll/Coding/scynet/harvester/out/production/classes:/home/onrolll/.gradle/caches/modules-2/files-2.1/org.jetbrains.kotlin/kotlin-stdlib-jdk8/1.3.41/77652607ed82a49202d8a0b89de16994b61bdd75/kotlin-stdlib-jdk8-1.3.41.jar:/home/onrolll/.gradle/caches/modules-2/files-2.1/info.bitrich.xchange-stream/xchange-binance/4.3.16/12326e72ac24b2e9f12a90744b9b21f8bc9dbae0/xchange-binance-4.3.16.jar:/home/onrolll/.gradle/caches/modules-2/files-2.1/info.bitrich.xchange-stream/xchange-bitfinex/4.3.16/d4367a1ad4ac22fe28c922d3c13bdb1a07bd2b50/xchange-bitfinex-4.3.16.jar:/home/onrolll/.gradle/caches/modules-2/files-2.1/info.bitrich.xchange-stream/xchange-bitmex/4.3.16/91276569954d8e976237693d551781f9ef9454ee/xchange-bitmex-4.3.16.jar:/home/onrolll/.gradle/caches/modules-2/files-2.1/info.bitrich.xchange-stream/xchange-bitflyer/4.3.16/d2a5bdf23181fba895acc4a6c1fbbf5656889b9b/xchange-bitflyer-4.3.16.jar:/home/onrolll/.gradle/caches/modules-2/files-2.1/info.bitrich.xchange-stream/xchange-coinbasepro/4.3.16/699db793402c1c62bb27bb44ed1f142ef1194eb9/xchange-coinbasepro-4.3.16.jar:/home/onrolll/.gradle/caches/modules-2/files-2.1/info.bitrich.xchange-stream/xchange-okcoin/4.3.16/341f94d707faf1a4beb0dac3774bc7bd90a7b8ee/xchange-okcoin-4.3.16.jar:/home/onrolll/.gradle/caches/modules-2/files-2.1/info.bitrich.xchange-stream/xchange-poloniex/4.3.16/f6c43154267fd027c8939c9458e95c99c26fd293/xchange-poloniex-4.3.16.jar:/home/onrolll/.gradle/caches/modules-2/files-2.1/info.bitrich.xchange-stream/xchange-stream-core/4.3.16/4fdf0dc2eeb8b86b51dc70b0d496283a9ff8fe98/xchange-stream-core-4.3.16.jar:/home/onrolll/.gradle/caches/modules-2/files-2.1/info.bitrich.xchange-stream/service-netty/4.3.16/3d136f7fecfbe2a932e25b5f29f2e66f20778aee/service-netty-4.3.16.jar:/home/onrolll/.gradle/caches/modules-2/files-2.1/info.bitrich.xchange-stream/service-wamp/4.3.16/fbdc1fe24f619b0bcfb23b3e2a638b4dd30bc7fc/service-wamp-4.3.16.jar:/home/onrolll/.gradle/caches/modules-2/files-2.1/info.b
Launcher Type: SUN_STANDARD

[Global flags]
     intx CICompilerCount                          = 4                                         {product} {ergonomic}
     uint ConcGCThreads                            = 2                                         {product} {ergonomic}
     uint G1ConcRefinementThreads                  = 8                                         {product} {ergonomic}
   size_t G1HeapRegionSize                         = 1048576                                   {product} {ergonomic}
    uintx GCDrainStackTargetSize                   = 64                                        {product} {ergonomic}
   size_t InitialHeapSize                          = 262144000                                 {product} {ergonomic}
   size_t MarkStackSize                            = 4194304                                   {product} {ergonomic}
   size_t MaxHeapSize                              = 4179623936                                {product} {ergonomic}
   size_t MaxNewSize                               = 2507145216                                {product} {ergonomic}
   size_t MinHeapDeltaBytes                        = 1048576                                   {product} {ergonomic}
    uintx NonNMethodCodeHeapSize                   = 5836300                                {pd product} {ergonomic}
    uintx NonProfiledCodeHeapSize                  = 122910970                              {pd product} {ergonomic}
    uintx ProfiledCodeHeapSize                     = 122910970                              {pd product} {ergonomic}
    uintx ReservedCodeCacheSize                    = 251658240                              {pd product} {ergonomic}
     bool SegmentedCodeCache                       = true                                      {product} {ergonomic}
     bool UseCompressedClassPointers               = true                                 {lp64_product} {ergonomic}
     bool UseCompressedOops                        = true                                 {lp64_product} {ergonomic}
     bool UseG1GC                                  = true                                      {product} {ergonomic}

Logging:
Log output configuration:
 #0: stdout all=warning uptime,level,tags
 #1: stderr all=off uptime,level,tags

Environment Variables:
JAVA_HOME=/home/onrolll/.sdkman/candidates/java/current
PATH=/home/onrolll/.asdf/shims:/home/onrolll/.asdf/bin:/home/onrolll/.pyenv/plugins/pyenv-virtualenv/shims:/home/onrolll/.pyenv/shims:/home/onrolll/.pyenv/bin:/home/onrolll/.nvm/versions/node/v10.16.0/bin:/home/onrolll/.sdkman/candidates/kotlin/current/bin:/home/onrolll/.sdkman/candidates/java/current/bin:/home/onrolll/.sdkman/candidates/gradle/current/bin:/home/onrolll/.pyenv/plugins/pyenv-virtualenv/shims:/home/onrolll/.pyenv/shims:/home/onrolll/.pyenv/bin:/home/onrolll/.poetry/bin:/home/onrolll/.local/bin:/usr/local/sbin:/usr/local/bin:/usr/sbin:/usr/bin:/sbin:/bin:/usr/games:/usr/local/games:/snap/bin:/home/onrolll/.dotnet/tools
USERNAME=onrolll
SHELL=/bin/bash
DISPLAY=:0

Signal Handlers:
SIGSEGV: [libjvm.so+0xf89c90], sa_mask[0]=11111111011111111101111111111110, sa_flags=SA_RESTART|SA_SIGINFO
SIGBUS: [libjvm.so+0xf89c90], sa_mask[0]=11111111011111111101111111111110, sa_flags=SA_RESTART|SA_SIGINFO
SIGFPE: [libjvm.so+0xf89c90], sa_mask[0]=11111111011111111101111111111110, sa_flags=SA_RESTART|SA_SIGINFO
SIGPIPE: [libjvm.so+0xc243c0], sa_mask[0]=11111111011111111101111111111110, sa_flags=SA_RESTART|SA_SIGINFO
SIGXFSZ: [libjvm.so+0xc243c0], sa_mask[0]=11111111011111111101111111111110, sa_flags=SA_RESTART|SA_SIGINFO
SIGILL: [libjvm.so+0xf89c90], sa_mask[0]=11111111011111111101111111111110, sa_flags=SA_RESTART|SA_SIGINFO
SIGUSR2: [libjvm.so+0xc24260], sa_mask[0]=00100000000000000000000000000000, sa_flags=SA_RESTART|SA_SIGINFO
SIGHUP: [libjvm.so+0xc245c0], sa_mask[0]=11111111011111111101111111111110, sa_flags=SA_RESTART|SA_SIGINFO
SIGINT: [libjvm.so+0xc245c0], sa_mask[0]=11111111011111111101111111111110, sa_flags=SA_RESTART|SA_SIGINFO
SIGTERM: [libjvm.so+0xc245c0], sa_mask[0]=11111111011111111101111111111110, sa_flags=SA_RESTART|SA_SIGINFO
SIGQUIT: [libjvm.so+0xc245c0], sa_mask[0]=11111111011111111101111111111110, sa_flags=SA_RESTART|SA_SIGINFO


---------------  S Y S T E M  ---------------

OS:DISTRIB_ID=Ubuntu
DISTRIB_RELEASE=18.04
DISTRIB_CODENAME=bionic
DISTRIB_DESCRIPTION="Ubuntu 18.04.2 LTS"
uname:Linux 5.0.0-27-generic #28~18.04.1-Ubuntu SMP Thu Aug 22 03:00:32 UTC 2019 x86_64
libc:glibc 2.27 NPTL 2.27 
rlimit: STACK 8192k, CORE 0k, NPROC 63569, NOFILE 4096, AS infinity, DATA infinity, FSIZE infinity
load average:1,21 0,92 0,82

/proc/meminfo:
MemTotal:       16323520 kB
MemFree:         7260056 kB
MemAvailable:   10342788 kB
Buffers:          511372 kB
Cached:          3278428 kB
SwapCached:            0 kB
Active:          6067784 kB
Inactive:        1654684 kB
Active(anon):    4579976 kB
Inactive(anon):    59332 kB
Active(file):    1487808 kB
Inactive(file):  1595352 kB
Unevictable:      646108 kB
Mlocked:              48 kB
SwapTotal:        999420 kB
SwapFree:         999420 kB
Dirty:             10524 kB
Writeback:             0 kB
AnonPages:       4578880 kB
Mapped:           848288 kB
Shmem:            706860 kB
KReclaimable:     338284 kB
Slab:             487688 kB
SReclaimable:     338284 kB
SUnreclaim:       149404 kB
KernelStack:       17328 kB
PageTables:        66664 kB
NFS_Unstable:          0 kB
Bounce:                0 kB
WritebackTmp:          0 kB
CommitLimit:     9161180 kB
Committed_AS:   11421860 kB
VmallocTotal:   34359738367 kB
VmallocUsed:           0 kB
VmallocChunk:          0 kB
Percpu:             9600 kB
HardwareCorrupted:     0 kB
AnonHugePages:         0 kB
ShmemHugePages:        0 kB
ShmemPmdMapped:        0 kB
CmaTotal:              0 kB
CmaFree:               0 kB
HugePages_Total:       0
HugePages_Free:        0
HugePages_Rsvd:        0
HugePages_Surp:        0
Hugepagesize:       2048 kB
Hugetlb:               0 kB
DirectMap4k:      345480 kB
DirectMap2M:    16334848 kB


/proc/sys/kernel/threads-max (system-wide limit on the number of threads):
127138


/proc/sys/vm/max_map_count (maximum number of memory map areas a process may have):
65530


/proc/sys/kernel/pid_max (system-wide limit on number of process identifiers):
32768



container (cgroup) information:
container_type: cgroupv1
cpu_cpuset_cpus: 0-7
cpu_memory_nodes: 0
active_processor_count: 8
cpu_quota: -1
cpu_period: 100000
cpu_shares: -1
memory_limit_in_bytes: -1
memory_and_swap_limit_in_bytes: -2
memory_soft_limit_in_bytes: -1
memory_usage_in_bytes: 7010836480
memory_max_usage_in_bytes: 7063429120


CPU:total 8 (initial active 8) (4 cores per cpu, 2 threads per core) family 6 model 42 stepping 7, cmov, cx8, fxsr, mmx, sse, sse2, sse3, ssse3, sse4.1, sse4.2, popcnt, avx, clmul, ht, tsc, tscinvbit
CPU Model and flags from /proc/cpuinfo:
model name	: Intel(R) Core(TM) i7-2670QM CPU @ 2.20GHz
flags		: fpu vme de pse tsc msr pae mce cx8 apic sep mtrr pge mca cmov pat pse36 clflush dts acpi mmx fxsr sse sse2 ss ht tm pbe syscall nx rdtscp lm constant_tsc arch_perfmon pebs bts rep_good nopl xtopology nonstop_tsc cpuid aperfmperf pni pclmulqdq dtes64 monitor ds_cpl vmx est tm2 ssse3 cx16 xtpr pdcm pcid sse4_1 sse4_2 x2apic popcnt tsc_deadline_timer xsave avx lahf_lm epb pti ssbd ibrs ibpb stibp tpr_shadow vnmi flexpriority ept vpid xsaveopt dtherm ida arat pln pts md_clear flush_l1d

Memory: 4k page, physical 16323520k(7260056k free), swap 999420k(999420k free)

vm_info: OpenJDK 64-Bit Server VM (12.0.2+3) for linux-amd64 JRE (Zulu12.3+11-CA) (12.0.2+3), built on Jul 11 2019 18:01:29 by "zulu_re" with gcc 7.3.1 20180303 (Red Hat 7.3.1-5)

END.
