2019-Oct-09 14:56:06 PM [Timer-10] TRACE harvester.datasets.DatasetService - Starting CountDown for DatasetService - aa6d9e61-9e91-4566-b818-a67827225a14!
2019-Oct-09 14:56:06 PM [Timer-11] TRACE harvester.pairs.PairingService - Starting CountDown for PairingService - 90e3efe3-329b-44b1-b007-58a8b8e6cb88!
2019-Oct-09 14:56:06 PM [Timer-13] TRACE harvester.labels.CandleLabelService - Starting CountDown for CandleLabelService - 996ee7bb-f107-4795-a34f-79c1b1a9bb17!
2019-Oct-09 14:56:06 PM [Timer-16] TRACE ai.scynet.trainer.TrainerService - Starting CountDown for TrainerService - 7b7c8e90-703b-4ff5-becc-a82da9746aeb!
2019-Oct-09 14:56:06 PM [Timer-17] TRACE harvester.candles.CandleStreamService - Starting CountDown for CandleStreamService - 2738269b-eb7a-49d3-85eb-220a58120c92!
2019-Oct-09 14:56:06 PM [Timer-19] TRACE ai.scynet.trainer.JobSelectionService - Starting CountDown for JobSelectionService - e6fab9a3-89aa-4572-8885-096ce29c6e37!
2019-Oct-09 14:56:06 PM [Timer-21] TRACE harvester.exchanges.XChangeStreamService - Starting CountDown for XChangeStreamService - 7f42df5d-be48-49ea-9163-5a1c3834a824!
2019-Oct-09 14:56:06 PM [Timer-23] TRACE ai.scynet.queen.GattakkaStreamService - Starting CountDown for GattakkaStreamService - f25a03cc-dc8b-4d9b-8f67-dcf5bcb70994!
2019-Oct-09 14:56:07 PM [Timer-14] TRACE harvester.indicators.CompositeLengthIndicatorService - Starting CountDown for CompositeLengthIndicatorService - f1af710e-450c-4dac-82d1-164168e0dbfa!
2019-Oct-09 14:56:07 PM [Timer-27] TRACE harvester.candles.CandleStreamService - Starting CountDown for CandleStreamService - 2738269b-eb7a-49d3-85eb-220a58120c92!
2019-Oct-09 14:56:16 PM [Timer-10] TRACE harvester.datasets.DatasetService - Starting CountDown for DatasetService - aa6d9e61-9e91-4566-b818-a67827225a14!
2019-Oct-09 14:56:16 PM [Timer-11] TRACE harvester.pairs.PairingService - Starting CountDown for PairingService - 90e3efe3-329b-44b1-b007-58a8b8e6cb88!
2019-Oct-09 14:56:16 PM [Timer-13] TRACE harvester.labels.CandleLabelService - Starting CountDown for CandleLabelService - 996ee7bb-f107-4795-a34f-79c1b1a9bb17!
2019-Oct-09 14:56:16 PM [Timer-16] TRACE ai.scynet.trainer.TrainerService - Starting CountDown for TrainerService - 7b7c8e90-703b-4ff5-becc-a82da9746aeb!
2019-Oct-09 14:56:16 PM [Timer-17] TRACE harvester.candles.CandleStreamService - Starting CountDown for CandleStreamService - 2738269b-eb7a-49d3-85eb-220a58120c92!
2019-Oct-09 14:56:16 PM [Timer-19] TRACE ai.scynet.trainer.JobSelectionService - Starting CountDown for JobSelectionService - e6fab9a3-89aa-4572-8885-096ce29c6e37!
2019-Oct-09 14:56:16 PM [Timer-21] TRACE harvester.exchanges.XChangeStreamService - Starting CountDown for XChangeStreamService - 7f42df5d-be48-49ea-9163-5a1c3834a824!
2019-Oct-09 14:56:16 PM [Timer-23] TRACE ai.scynet.queen.GattakkaStreamService - Starting CountDown for GattakkaStreamService - f25a03cc-dc8b-4d9b-8f67-dcf5bcb70994!
2019-Oct-09 14:56:17 PM [Timer-14] TRACE harvester.indicators.CompositeLengthIndicatorService - Starting CountDown for CompositeLengthIndicatorService - f1af710e-450c-4dac-82d1-164168e0dbfa!
2019-Oct-09 14:56:17 PM [Timer-27] TRACE harvester.candles.CandleStreamService - Starting CountDown for CandleStreamService - 2738269b-eb7a-49d3-85eb-220a58120c92!
2019-Oct-09 14:56:26 PM [Timer-10] TRACE harvester.datasets.DatasetService - Starting CountDown for DatasetService - aa6d9e61-9e91-4566-b818-a67827225a14!
2019-Oct-09 14:56:26 PM [Timer-11] TRACE harvester.pairs.PairingService - Starting CountDown for PairingService - 90e3efe3-329b-44b1-b007-58a8b8e6cb88!
2019-Oct-09 14:56:26 PM [Timer-13] TRACE harvester.labels.CandleLabelService - Starting CountDown for CandleLabelService - 996ee7bb-f107-4795-a34f-79c1b1a9bb17!
2019-Oct-09 14:56:26 PM [Timer-16] TRACE ai.scynet.trainer.TrainerService - Starting CountDown for TrainerService - 7b7c8e90-703b-4ff5-becc-a82da9746aeb!
2019-Oct-09 14:56:26 PM [Timer-17] TRACE harvester.candles.CandleStreamService - Starting CountDown for CandleStreamService - 2738269b-eb7a-49d3-85eb-220a58120c92!
2019-Oct-09 14:56:26 PM [Timer-19] TRACE ai.scynet.trainer.JobSelectionService - Starting CountDown for JobSelectionService - e6fab9a3-89aa-4572-8885-096ce29c6e37!
2019-Oct-09 14:56:26 PM [Timer-21] TRACE harvester.exchanges.XChangeStreamService - Starting CountDown for XChangeStreamService - 7f42df5d-be48-49ea-9163-5a1c3834a824!
2019-Oct-09 14:56:26 PM [Timer-23] TRACE ai.scynet.queen.GattakkaStreamService - Starting CountDown for GattakkaStreamService - f25a03cc-dc8b-4d9b-8f67-dcf5bcb70994!
2019-Oct-09 14:56:27 PM [Timer-14] TRACE harvester.indicators.CompositeLengthIndicatorService - Starting CountDown for CompositeLengthIndicatorService - f1af710e-450c-4dac-82d1-164168e0dbfa!
2019-Oct-09 14:56:27 PM [Timer-27] TRACE harvester.candles.CandleStreamService - Starting CountDown for CandleStreamService - 2738269b-eb7a-49d3-85eb-220a58120c92!
2019-Oct-09 14:56:36 PM [Timer-10] TRACE harvester.datasets.DatasetService - Starting CountDown for DatasetService - aa6d9e61-9e91-4566-b818-a67827225a14!
2019-Oct-09 14:56:36 PM [Timer-11] TRACE harvester.pairs.PairingService - Starting CountDown for PairingService - 90e3efe3-329b-44b1-b007-58a8b8e6cb88!
2019-Oct-09 14:56:36 PM [Timer-13] TRACE harvester.labels.CandleLabelService - Starting CountDown for CandleLabelService - 996ee7bb-f107-4795-a34f-79c1b1a9bb17!
2019-Oct-09 14:56:36 PM [Timer-16] TRACE ai.scynet.trainer.TrainerService - Starting CountDown for TrainerService - 7b7c8e90-703b-4ff5-becc-a82da9746aeb!
2019-Oct-09 14:56:36 PM [Timer-17] TRACE harvester.candles.CandleStreamService - Starting CountDown for CandleStreamService - 2738269b-eb7a-49d3-85eb-220a58120c92!
2019-Oct-09 14:56:36 PM [Timer-19] TRACE ai.scynet.trainer.JobSelectionService - Starting CountDown for JobSelectionService - e6fab9a3-89aa-4572-8885-096ce29c6e37!
2019-Oct-09 14:56:36 PM [Timer-21] TRACE harvester.exchanges.XChangeStreamService - Starting CountDown for XChangeStreamService - 7f42df5d-be48-49ea-9163-5a1c3834a824!
2019-Oct-09 14:56:36 PM [Timer-23] TRACE ai.scynet.queen.GattakkaStreamService - Starting CountDown for GattakkaStreamService - f25a03cc-dc8b-4d9b-8f67-dcf5bcb70994!
2019-Oct-09 14:56:37 PM [Timer-14] TRACE harvester.indicators.CompositeLengthIndicatorService - Starting CountDown for CompositeLengthIndicatorService - f1af710e-450c-4dac-82d1-164168e0dbfa!
2019-Oct-09 14:56:37 PM [Timer-27] TRACE harvester.candles.CandleStreamService - Starting CountDown for CandleStreamService - 2738269b-eb7a-49d3-85eb-220a58120c92!
2019-Oct-09 14:56:46 PM [Timer-10] TRACE harvester.datasets.DatasetService - Starting CountDown for DatasetService - aa6d9e61-9e91-4566-b818-a67827225a14!
2019-Oct-09 14:56:46 PM [Timer-11] TRACE harvester.pairs.PairingService - Starting CountDown for PairingService - 90e3efe3-329b-44b1-b007-58a8b8e6cb88!
2019-Oct-09 14:56:46 PM [Timer-13] TRACE harvester.labels.CandleLabelService - Starting CountDown for CandleLabelService - 996ee7bb-f107-4795-a34f-79c1b1a9bb17!
2019-Oct-09 14:56:46 PM [Timer-16] TRACE ai.scynet.trainer.TrainerService - Starting CountDown for TrainerService - 7b7c8e90-703b-4ff5-becc-a82da9746aeb!
2019-Oct-09 14:56:46 PM [Timer-17] TRACE harvester.candles.CandleStreamService - Starting CountDown for CandleStreamService - 2738269b-eb7a-49d3-85eb-220a58120c92!
2019-Oct-09 14:56:46 PM [Timer-19] TRACE ai.scynet.trainer.JobSelectionService - Starting CountDown for JobSelectionService - e6fab9a3-89aa-4572-8885-096ce29c6e37!
2019-Oct-09 14:56:46 PM [Timer-21] TRACE harvester.exchanges.XChangeStreamService - Starting CountDown for XChangeStreamService - 7f42df5d-be48-49ea-9163-5a1c3834a824!
2019-Oct-09 14:56:46 PM [Timer-23] TRACE ai.scynet.queen.GattakkaStreamService - Starting CountDown for GattakkaStreamService - f25a03cc-dc8b-4d9b-8f67-dcf5bcb70994!
2019-Oct-09 14:56:47 PM [Timer-14] TRACE harvester.indicators.CompositeLengthIndicatorService - Starting CountDown for CompositeLengthIndicatorService - f1af710e-450c-4dac-82d1-164168e0dbfa!
2019-Oct-09 14:56:47 PM [Timer-27] TRACE harvester.candles.CandleStreamService - Starting CountDown for CandleStreamService - 2738269b-eb7a-49d3-85eb-220a58120c92!
2019-Oct-09 14:56:56 PM [Timer-10] TRACE harvester.datasets.DatasetService - Starting CountDown for DatasetService - aa6d9e61-9e91-4566-b818-a67827225a14!
2019-Oct-09 14:56:56 PM [Timer-11] TRACE harvester.pairs.PairingService - Starting CountDown for PairingService - 90e3efe3-329b-44b1-b007-58a8b8e6cb88!
2019-Oct-09 14:56:56 PM [Timer-13] TRACE harvester.labels.CandleLabelService - Starting CountDown for CandleLabelService - 996ee7bb-f107-4795-a34f-79c1b1a9bb17!
2019-Oct-09 14:56:56 PM [Timer-16] TRACE ai.scynet.trainer.TrainerService - Starting CountDown for TrainerService - 7b7c8e90-703b-4ff5-becc-a82da9746aeb!
2019-Oct-09 14:56:56 PM [Timer-17] TRACE harvester.candles.CandleStreamService - Starting CountDown for CandleStreamService - 2738269b-eb7a-49d3-85eb-220a58120c92!
2019-Oct-09 14:56:56 PM [Timer-19] TRACE ai.scynet.trainer.JobSelectionService - Starting CountDown for JobSelectionService - e6fab9a3-89aa-4572-8885-096ce29c6e37!
2019-Oct-09 14:56:56 PM [Timer-21] TRACE harvester.exchanges.XChangeStreamService - Starting CountDown for XChangeStreamService - 7f42df5d-be48-49ea-9163-5a1c3834a824!
2019-Oct-09 14:56:56 PM [Timer-23] TRACE ai.scynet.queen.GattakkaStreamService - Starting CountDown for GattakkaStreamService - f25a03cc-dc8b-4d9b-8f67-dcf5bcb70994!
2019-Oct-09 14:56:57 PM [Timer-14] TRACE harvester.indicators.CompositeLengthIndicatorService - Starting CountDown for CompositeLengthIndicatorService - f1af710e-450c-4dac-82d1-164168e0dbfa!
2019-Oct-09 14:56:57 PM [Timer-27] TRACE harvester.candles.CandleStreamService - Starting CountDown for CandleStreamService - 2738269b-eb7a-49d3-85eb-220a58120c92!
