2019-Oct-09 13:40:42 PM [DefaultDispatcher-worker-1] TRACE harvester.exchanges.TickerSaver - 
 launching BINANCE
2019-Oct-09 13:40:42 PM [DefaultDispatcher-worker-1] TRACE harvester.exchanges.TickerSaver - 
 launching BITFINEX
2019-Oct-09 13:40:42 PM [DefaultDispatcher-worker-1] TRACE harvester.exchanges.TickerSaver - 
 launching BITFLYER
2019-Oct-09 13:40:42 PM [DefaultDispatcher-worker-1] TRACE harvester.exchanges.TickerSaver - 
 launching BITMEX
2019-Oct-09 13:40:42 PM [DefaultDispatcher-worker-1] TRACE harvester.exchanges.TickerSaver - 
 launching COINBASE_PRO
2019-Oct-09 13:40:42 PM [DefaultDispatcher-worker-1] TRACE harvester.exchanges.TickerSaver - 
 launching OKCOIN
2019-Oct-09 13:40:42 PM [DefaultDispatcher-worker-1] TRACE harvester.exchanges.TickerSaver - 
 launching OKEX
2019-Oct-09 13:40:42 PM [DefaultDispatcher-worker-1] TRACE harvester.exchanges.TickerSaver - 
 launching POLONIEX
2019-Oct-09 13:40:46 PM [DefaultDispatcher-worker-1] TRACE harvester.exchanges.TickerSaver - Exchange BINANCE connected
2019-Oct-09 13:40:46 PM [DefaultDispatcher-worker-1] TRACE harvester.exchanges.TickerSaver - Exchange BITFINEX connected
2019-Oct-09 13:40:47 PM [DefaultDispatcher-worker-1] TRACE harvester.exchanges.TickerSaver - Exchange BITFLYER connected
2019-Oct-09 13:40:47 PM [DefaultDispatcher-worker-1] TRACE harvester.exchanges.TickerSaver - Exchange BITMEX connected
2019-Oct-09 13:40:48 PM [DefaultDispatcher-worker-1] TRACE harvester.exchanges.TickerSaver - Exchange COINBASE_PRO connected
2019-Oct-09 13:40:55 PM [srvc-deploy-#53%Scynet%] TRACE harvester.datasets.DatasetService - Starting CountDown for DatasetService - aa6d9e61-9e91-4566-b818-a67827225a14!
2019-Oct-09 13:40:55 PM [srvc-deploy-#53%Scynet%] INFO  harvester.datasets.DatasetService - Service for DatasetService - aa6d9e61-9e91-4566-b818-a67827225a14 is initialized successfully!
2019-Oct-09 13:40:56 PM [service-#63%Scynet%] INFO  harvester.datasets.DatasetService - Starting service for DatasetService - aa6d9e61-9e91-4566-b818-a67827225a14
2019-Oct-09 13:40:56 PM [srvc-deploy-#53%Scynet%] TRACE harvester.pairs.PairingService - Starting CountDown for PairingService - 90e3efe3-329b-44b1-b007-58a8b8e6cb88!
2019-Oct-09 13:40:56 PM [srvc-deploy-#53%Scynet%] INFO  harvester.pairs.PairingService - Service for PairingService - 90e3efe3-329b-44b1-b007-58a8b8e6cb88 is initialized successfully!
2019-Oct-09 13:40:56 PM [srvc-deploy-#53%Scynet%] TRACE harvester.labels.CandleLabelService - Starting CountDown for CandleLabelService - 996ee7bb-f107-4795-a34f-79c1b1a9bb17!
2019-Oct-09 13:40:56 PM [srvc-deploy-#53%Scynet%] INFO  harvester.labels.CandleLabelService - Service for CandleLabelService - 996ee7bb-f107-4795-a34f-79c1b1a9bb17 is initialized successfully!
2019-Oct-09 13:40:56 PM [service-#65%Scynet%] INFO  harvester.labels.CandleLabelService - Starting service for CandleLabelService - 996ee7bb-f107-4795-a34f-79c1b1a9bb17
2019-Oct-09 13:40:56 PM [srvc-deploy-#53%Scynet%] TRACE ai.scynet.trainer.TrainerService - Starting CountDown for TrainerService - 7b7c8e90-703b-4ff5-becc-a82da9746aeb!
2019-Oct-09 13:40:56 PM [srvc-deploy-#53%Scynet%] INFO  ai.scynet.trainer.TrainerService - Service for TrainerService - 7b7c8e90-703b-4ff5-becc-a82da9746aeb is initialized successfully!
2019-Oct-09 13:40:56 PM [service-#66%Scynet%] INFO  ai.scynet.trainer.TrainerService - Starting service for TrainerService - 7b7c8e90-703b-4ff5-becc-a82da9746aeb
2019-Oct-09 13:40:56 PM [srvc-deploy-#53%Scynet%] TRACE harvester.candles.CandleStreamService - Starting CountDown for CandleStreamService - 2738269b-eb7a-49d3-85eb-220a58120c92!
2019-Oct-09 13:40:56 PM [srvc-deploy-#53%Scynet%] INFO  harvester.candles.CandleStreamService - Service for CandleStreamService - 2738269b-eb7a-49d3-85eb-220a58120c92 is initialized successfully!
2019-Oct-09 13:40:56 PM [service-#67%Scynet%] INFO  harvester.candles.CandleStreamService - Starting service for CandleStreamService - 2738269b-eb7a-49d3-85eb-220a58120c92
2019-Oct-09 13:40:56 PM [srvc-deploy-#53%Scynet%] TRACE ai.scynet.trainer.JobSelectionService - Starting CountDown for JobSelectionService - e6fab9a3-89aa-4572-8885-096ce29c6e37!
2019-Oct-09 13:40:56 PM [srvc-deploy-#53%Scynet%] INFO  ai.scynet.trainer.JobSelectionService - Service for JobSelectionService - e6fab9a3-89aa-4572-8885-096ce29c6e37 is initialized successfully!
2019-Oct-09 13:40:56 PM [service-#68%Scynet%] INFO  ai.scynet.trainer.JobSelectionService - Starting service for JobSelectionService - e6fab9a3-89aa-4572-8885-096ce29c6e37
2019-Oct-09 13:40:56 PM [srvc-deploy-#53%Scynet%] TRACE harvester.exchanges.XChangeStreamService - Starting CountDown for XChangeStreamService - 7f42df5d-be48-49ea-9163-5a1c3834a824!
2019-Oct-09 13:40:56 PM [srvc-deploy-#53%Scynet%] INFO  harvester.exchanges.XChangeStreamService - Service for XChangeStreamService - 7f42df5d-be48-49ea-9163-5a1c3834a824 is initialized successfully!
2019-Oct-09 13:40:56 PM [service-#69%Scynet%] INFO  harvester.exchanges.XChangeStreamService - Starting service for XChangeStreamService - 7f42df5d-be48-49ea-9163-5a1c3834a824
2019-Oct-09 13:40:56 PM [srvc-deploy-#53%Scynet%] TRACE ai.scynet.queen.GattakkaStreamService - Starting CountDown for GattakkaStreamService - f25a03cc-dc8b-4d9b-8f67-dcf5bcb70994!
2019-Oct-09 13:40:56 PM [srvc-deploy-#53%Scynet%] INFO  ai.scynet.queen.GattakkaStreamService - Service for GattakkaStreamService - f25a03cc-dc8b-4d9b-8f67-dcf5bcb70994 is initialized successfully!
2019-Oct-09 13:40:56 PM [service-#69%Scynet%] TRACE harvester.exchanges.XChangeStreamService - Exchange connected
2019-Oct-09 13:40:57 PM [srvc-deploy-#53%Scynet%] TRACE harvester.indicators.CompositeLengthIndicatorService - Starting CountDown for CompositeLengthIndicatorService - f1af710e-450c-4dac-82d1-164168e0dbfa!
2019-Oct-09 13:40:57 PM [srvc-deploy-#53%Scynet%] INFO  harvester.indicators.CompositeLengthIndicatorService - Service for CompositeLengthIndicatorService - f1af710e-450c-4dac-82d1-164168e0dbfa is initialized successfully!
2019-Oct-09 13:40:57 PM [service-#71%Scynet%] INFO  harvester.indicators.CompositeLengthIndicatorService - Starting service for CompositeLengthIndicatorService - f1af710e-450c-4dac-82d1-164168e0dbfa
